# JRE version: OpenJDK Runtime Environment (18.0.2+9) (build 18.0.2+9-61)
# Java VM: OpenJDK 64-Bit Server VM (18.0.2+9-61, mixed mode, sharing, tiered, compressed oops, compressed class ptrs, g1 gc, windows-amd64)
GC Precious Log:
 CardTable entry size: 512
 Card Set container configuration: InlinePtr #cards 4 size 8 Array Of Cards #cards 16 size 48 Howl #buckets 8 coarsen threshold 3686 Howl Bitmap #cards 512 size 80 coarsen threshold 460 Card regions per heap region 1 cards per card region 4096
 CPUs: 12 total, 12 available
 Memory: 15733M
 Large Page Support: Disabled
 NUMA Support: Disabled
 Compressed Oops: Enabled (Zero based)
 Heap Region Size: 2M
 Heap Min Capacity: 8M
 Heap Initial Capacity: 246M
 Heap Max Capacity: 3934M
 Pre-touch: Disabled
 Parallel Workers: 10
 Concurrent Workers: 3
 Concurrent Refinement Workers: 10
 Periodic GC: Disabled
Heap:
 garbage-first heap   total 362496K, used 220288K [0x000000070a200000, 0x0000000800000000)
  region size 2048K, 34 young (69632K), 5 survivors (10240K)
 Metaspace       used 64238K, committed 65088K, reserved 1114112K
  class space    used 7157K, committed 7616K, reserved 1048576K
GC Heap History (20 events):
Event: 7.331 GC heap before
{Heap before GC invocations=23 (full 0):
 garbage-first heap   total 153600K, used 95888K [0x000000070a200000, 0x0000000800000000)
  region size 2048K, 3 young (6144K), 2 survivors (4096K)
 Metaspace       used 54767K, committed 55616K, reserved 1114112K
  class space    used 6291K, committed 6720K, reserved 1048576K
}
Event: 7.337 GC heap after
{Heap after GC invocations=24 (full 0):
 garbage-first heap   total 153600K, used 94156K [0x000000070a200000, 0x0000000800000000)
  region size 2048K, 1 young (2048K), 1 survivors (2048K)
 Metaspace       used 54767K, committed 55616K, reserved 1114112K
  class space    used 6291K, committed 6720K, reserved 1048576K
}
Event: 7.952 GC heap before
{Heap before GC invocations=24 (full 0):
 garbage-first heap   total 153600K, used 118732K [0x000000070a200000, 0x0000000800000000)
  region size 2048K, 13 young (26624K), 1 survivors (2048K)
 Metaspace       used 55304K, committed 56128K, reserved 1114112K
  class space    used 6292K, committed 6720K, reserved 1048576K
}
Event: 7.962 GC heap after
{Heap after GC invocations=25 (full 0):
 garbage-first heap   total 153600K, used 98650K [0x000000070a200000, 0x0000000800000000)
  region size 2048K, 2 young (4096K), 2 survivors (4096K)
 Metaspace       used 55304K, committed 56128K, reserved 1114112K
  class space    used 6292K, committed 6720K, reserved 1048576K
}
Event: 8.391 GC heap before
{Heap before GC invocations=26 (full 0):
 garbage-first heap   total 174080K, used 121178K [0x000000070a200000, 0x0000000800000000)
  region size 2048K, 13 young (26624K), 2 survivors (4096K)
 Metaspace       used 56170K, committed 56960K, reserved 1114112K
  class space    used 6370K, committed 6784K, reserved 1048576K
}
Event: 8.400 GC heap after
{Heap after GC invocations=27 (full 0):
 garbage-first heap   total 174080K, used 103530K [0x000000070a200000, 0x0000000800000000)
  region size 2048K, 2 young (4096K), 2 survivors (4096K)
 Metaspace       used 56170K, committed 56960K, reserved 1114112K
  class space    used 6370K, committed 6784K, reserved 1048576K
}
Event: 8.454 GC heap before
{Heap before GC invocations=27 (full 0):
 garbage-first heap   total 174080K, used 107626K [0x000000070a200000, 0x0000000800000000)
  region size 2048K, 4 young (8192K), 2 survivors (4096K)
 Metaspace       used 56842K, committed 57664K, reserved 1114112K
  class space    used 6475K, committed 6912K, reserved 1048576K
}
Event: 8.461 GC heap after
{Heap after GC invocations=28 (full 0):
 garbage-first heap   total 241664K, used 103952K [0x000000070a200000, 0x0000000800000000)
  region size 2048K, 1 young (2048K), 1 survivors (2048K)
 Metaspace       used 56842K, committed 57664K, reserved 1114112K
  class space    used 6475K, committed 6912K, reserved 1048576K
}
Event: 9.410 GC heap before
{Heap before GC invocations=28 (full 0):
 garbage-first heap   total 241664K, used 175632K [0x000000070a200000, 0x0000000800000000)
  region size 2048K, 36 young (73728K), 1 survivors (2048K)
 Metaspace       used 59868K, committed 60672K, reserved 1114112K
  class space    used 6891K, committed 7296K, reserved 1048576K
}
Event: 9.420 GC heap after
{Heap after GC invocations=29 (full 0):
 garbage-first heap   total 241664K, used 115072K [0x000000070a200000, 0x0000000800000000)
  region size 2048K, 5 young (10240K), 5 survivors (10240K)
 Metaspace       used 59868K, committed 60672K, reserved 1114112K
  class space    used 6891K, committed 7296K, reserved 1048576K
}
Event: 10.031 GC heap before
{Heap before GC invocations=29 (full 0):
 garbage-first heap   total 241664K, used 178560K [0x000000070a200000, 0x0000000800000000)
  region size 2048K, 36 young (73728K), 5 survivors (10240K)
 Metaspace       used 60234K, committed 60992K, reserved 1114112K
  class space    used 6896K, committed 7296K, reserved 1048576K
}
Event: 10.046 GC heap after
{Heap after GC invocations=30 (full 0):
 garbage-first heap   total 241664K, used 126013K [0x000000070a200000, 0x0000000800000000)
  region size 2048K, 5 young (10240K), 5 survivors (10240K)
 Metaspace       used 60234K, committed 60992K, reserved 1114112K
  class space    used 6896K, committed 7296K, reserved 1048576K
}
Event: 10.536 GC heap before
{Heap before GC invocations=30 (full 0):
 garbage-first heap   total 241664K, used 185405K [0x000000070a200000, 0x0000000800000000)
  region size 2048K, 34 young (69632K), 5 survivors (10240K)
 Metaspace       used 60588K, committed 61440K, reserved 1114112K
  class space    used 6917K, committed 7360K, reserved 1048576K
}
Event: 10.550 GC heap after
{Heap after GC invocations=31 (full 0):
 garbage-first heap   total 241664K, used 137164K [0x000000070a200000, 0x0000000800000000)
  region size 2048K, 5 young (10240K), 5 survivors (10240K)
 Metaspace       used 60588K, committed 61440K, reserved 1114112K
  class space    used 6917K, committed 7360K, reserved 1048576K
}
Event: 10.979 GC heap before
{Heap before GC invocations=32 (full 0):
 garbage-first heap   total 245760K, used 190412K [0x000000070a200000, 0x0000000800000000)
  region size 2048K, 31 young (63488K), 5 survivors (10240K)
 Metaspace       used 61041K, committed 61888K, reserved 1114112K
  class space    used 6967K, committed 7424K, reserved 1048576K
}
Event: 10.989 GC heap after
{Heap after GC invocations=33 (full 0):
 garbage-first heap   total 245760K, used 143315K [0x000000070a200000, 0x0000000800000000)
  region size 2048K, 3 young (6144K), 3 survivors (6144K)
 Metaspace       used 61041K, committed 61888K, reserved 1114112K
  class space    used 6967K, committed 7424K, reserved 1048576K
}
Event: 11.132 GC heap before
{Heap before GC invocations=33 (full 0):
 garbage-first heap   total 245760K, used 149459K [0x000000070a200000, 0x0000000800000000)
  region size 2048K, 6 young (12288K), 3 survivors (6144K)
 Metaspace       used 61159K, committed 62016K, reserved 1114112K
  class space    used 6969K, committed 7424K, reserved 1048576K
}
Event: 11.139 GC heap after
{Heap after GC invocations=34 (full 0):
 garbage-first heap   total 362496K, used 143901K [0x000000070a200000, 0x0000000800000000)
  region size 2048K, 1 young (2048K), 1 survivors (2048K)
 Metaspace       used 61159K, committed 62016K, reserved 1114112K
  class space    used 6969K, committed 7424K, reserved 1048576K
}
Event: 13.383 GC heap before
{Heap before GC invocations=34 (full 0):
 garbage-first heap   total 362496K, used 266781K [0x000000070a200000, 0x0000000800000000)
  region size 2048K, 62 young (126976K), 1 survivors (2048K)
 Metaspace       used 63529K, committed 64384K, reserved 1114112K
  class space    used 7146K, committed 7616K, reserved 1048576K
}
Event: 13.390 GC heap after
{Heap after GC invocations=35 (full 0):
 garbage-first heap   total 362496K, used 152704K [0x000000070a200000, 0x0000000800000000)
  region size 2048K, 5 young (10240K), 5 survivors (10240K)
 Metaspace       used 63529K, committed 64384K, reserved 1114112K
  class space    used 7146K, committed 7616K, reserved 1048576K
}

