# JRE version: OpenJDK Runtime Environment (18.0.2+9) (build 18.0.2+9-61)
# Java VM: OpenJDK 64-Bit Server VM (18.0.2+9-61, mixed mode, sharing, tiered, compressed oops, compressed class ptrs, g1 gc, windows-amd64)
GC Precious Log:
 CardTable entry size: 512
 Card Set container configuration: InlinePtr #cards 4 size 8 Array Of Cards #cards 16 size 48 Howl #buckets 8 coarsen threshold 3686 Howl Bitmap #cards 512 size 80 coarsen threshold 460 Card regions per heap region 1 cards per card region 4096
 CPUs: 12 total, 12 available
 Memory: 15733M
 Large Page Support: Disabled
 NUMA Support: Disabled
 Compressed Oops: Enabled (Zero based)
 Heap Region Size: 2M
 Heap Min Capacity: 8M
 Heap Initial Capacity: 246M
 Heap Max Capacity: 3934M
 Pre-touch: Disabled
 Parallel Workers: 10
 Concurrent Workers: 3
 Concurrent Refinement Workers: 10
 Periodic GC: Disabled
Heap:
 garbage-first heap   total 251904K, used 143825K [0x000000070a200000, 0x0000000800000000)
  region size 2048K, 2 young (4096K), 2 survivors (4096K)
 Metaspace       used 61480K, committed 62336K, reserved 1114112K
  class space    used 6976K, committed 7424K, reserved 1048576K
GC Heap History (20 events):
Event: 7.738 GC heap after
{Heap after GC invocations=23 (full 0):
 garbage-first heap   total 163840K, used 100352K [0x000000070a200000, 0x0000000800000000)
  region size 2048K, 3 young (6144K), 3 survivors (6144K)
 Metaspace       used 55570K, committed 56384K, reserved 1114112K
  class space    used 6308K, committed 6720K, reserved 1048576K
}
Event: 8.217 GC heap before
{Heap before GC invocations=23 (full 0):
 garbage-first heap   total 163840K, used 129024K [0x000000070a200000, 0x0000000800000000)
  region size 2048K, 17 young (34816K), 3 survivors (6144K)
 Metaspace       used 57768K, committed 58560K, reserved 1114112K
  class space    used 6603K, committed 7040K, reserved 1048576K
}
Event: 8.232 GC heap after
{Heap after GC invocations=24 (full 0):
 garbage-first heap   total 163840K, used 106491K [0x000000070a200000, 0x0000000800000000)
  region size 2048K, 3 young (6144K), 3 survivors (6144K)
 Metaspace       used 57768K, committed 58560K, reserved 1114112K
  class space    used 6603K, committed 7040K, reserved 1048576K
}
Event: 8.600 GC heap before
{Heap before GC invocations=25 (full 0):
 garbage-first heap   total 192512K, used 131067K [0x000000070a200000, 0x0000000800000000)
  region size 2048K, 15 young (30720K), 3 survivors (6144K)
 Metaspace       used 59418K, committed 60288K, reserved 1114112K
  class space    used 6852K, committed 7296K, reserved 1048576K
}
Event: 8.608 GC heap after
{Heap after GC invocations=26 (full 0):
 garbage-first heap   total 192512K, used 110081K [0x000000070a200000, 0x0000000800000000)
  region size 2048K, 2 young (4096K), 2 survivors (4096K)
 Metaspace       used 59418K, committed 60288K, reserved 1114112K
  class space    used 6852K, committed 7296K, reserved 1048576K
}
Event: 8.708 GC heap before
{Heap before GC invocations=26 (full 0):
 garbage-first heap   total 192512K, used 114177K [0x000000070a200000, 0x0000000800000000)
  region size 2048K, 4 young (8192K), 2 survivors (4096K)
 Metaspace       used 59499K, committed 60352K, reserved 1114112K
  class space    used 6859K, committed 7296K, reserved 1048576K
}
Event: 8.713 GC heap after
{Heap after GC invocations=27 (full 0):
 garbage-first heap   total 192512K, used 109564K [0x000000070a200000, 0x0000000800000000)
  region size 2048K, 1 young (2048K), 1 survivors (2048K)
 Metaspace       used 59499K, committed 60352K, reserved 1114112K
  class space    used 6859K, committed 7296K, reserved 1048576K
}
Event: 9.167 GC heap before
{Heap before GC invocations=27 (full 0):
 garbage-first heap   total 192512K, used 148476K [0x000000070a200000, 0x0000000800000000)
  region size 2048K, 20 young (40960K), 1 survivors (2048K)
 Metaspace       used 59904K, committed 60736K, reserved 1114112K
  class space    used 6898K, committed 7360K, reserved 1048576K
}
Event: 9.174 GC heap after
{Heap after GC invocations=28 (full 0):
 garbage-first heap   total 231424K, used 115538K [0x000000070a200000, 0x0000000800000000)
  region size 2048K, 3 young (6144K), 3 survivors (6144K)
 Metaspace       used 59904K, committed 60736K, reserved 1114112K
  class space    used 6898K, committed 7360K, reserved 1048576K
}
Event: 9.842 GC heap before
{Heap before GC invocations=29 (full 0):
 garbage-first heap   total 231424K, used 174930K [0x000000070a200000, 0x0000000800000000)
  region size 2048K, 32 young (65536K), 3 survivors (6144K)
 Metaspace       used 60284K, committed 61120K, reserved 1114112K
  class space    used 6902K, committed 7360K, reserved 1048576K
}
Event: 9.857 GC heap after
{Heap after GC invocations=30 (full 0):
 garbage-first heap   total 231424K, used 125440K [0x000000070a200000, 0x0000000800000000)
  region size 2048K, 4 young (8192K), 4 survivors (8192K)
 Metaspace       used 60284K, committed 61120K, reserved 1114112K
  class space    used 6902K, committed 7360K, reserved 1048576K
}
Event: 9.882 GC heap before
{Heap before GC invocations=30 (full 0):
 garbage-first heap   total 231424K, used 127488K [0x000000070a200000, 0x0000000800000000)
  region size 2048K, 5 young (10240K), 4 survivors (8192K)
 Metaspace       used 60291K, committed 61120K, reserved 1114112K
  class space    used 6902K, committed 7360K, reserved 1048576K
}
Event: 9.888 GC heap after
{Heap after GC invocations=31 (full 0):
 garbage-first heap   total 231424K, used 126402K [0x000000070a200000, 0x0000000800000000)
  region size 2048K, 1 young (2048K), 1 survivors (2048K)
 Metaspace       used 60291K, committed 61120K, reserved 1114112K
  class space    used 6902K, committed 7360K, reserved 1048576K
}
Event: 10.353 GC heap before
{Heap before GC invocations=31 (full 0):
 garbage-first heap   total 231424K, used 177602K [0x000000070a200000, 0x0000000800000000)
  region size 2048K, 26 young (53248K), 1 survivors (2048K)
 Metaspace       used 60575K, committed 61376K, reserved 1114112K
  class space    used 6909K, committed 7360K, reserved 1048576K
}
Event: 10.361 GC heap after
{Heap after GC invocations=32 (full 0):
 garbage-first heap   total 231424K, used 134821K [0x000000070a200000, 0x0000000800000000)
  region size 2048K, 4 young (8192K), 4 survivors (8192K)
 Metaspace       used 60575K, committed 61376K, reserved 1114112K
  class space    used 6909K, committed 7360K, reserved 1048576K
}
Event: 10.832 GC heap before
{Heap before GC invocations=33 (full 0):
 garbage-first heap   total 243712K, used 181925K [0x000000070a200000, 0x0000000800000000)
  region size 2048K, 27 young (55296K), 4 survivors (8192K)
 Metaspace       used 61072K, committed 61952K, reserved 1114112K
  class space    used 6963K, committed 7424K, reserved 1048576K
}
Event: 10.841 GC heap after
{Heap after GC invocations=34 (full 0):
 garbage-first heap   total 243712K, used 141916K [0x000000070a200000, 0x0000000800000000)
  region size 2048K, 4 young (8192K), 4 survivors (8192K)
 Metaspace       used 61072K, committed 61952K, reserved 1114112K
  class space    used 6963K, committed 7424K, reserved 1048576K
}
Event: 10.843 GC heap before
{Heap before GC invocations=34 (full 0):
 garbage-first heap   total 243712K, used 143964K [0x000000070a200000, 0x0000000800000000)
  region size 2048K, 5 young (10240K), 4 survivors (8192K)
 Metaspace       used 61072K, committed 61952K, reserved 1114112K
  class space    used 6963K, committed 7424K, reserved 1048576K
}
Event: 10.850 GC heap after
{Heap after GC invocations=35 (full 0):
 garbage-first heap   total 243712K, used 141388K [0x000000070a200000, 0x0000000800000000)
  region size 2048K, 1 young (2048K), 1 survivors (2048K)
 Metaspace       used 61072K, committed 61952K, reserved 1114112K
  class space    used 6963K, committed 7424K, reserved 1048576K
}
Event: 11.516 GC heap before
{Heap before GC invocations=35 (full 0):
 garbage-first heap   total 243712K, used 192588K [0x000000070a200000, 0x0000000800000000)
  region size 2048K, 26 young (53248K), 1 survivors (2048K)
 Metaspace       used 61480K, committed 62336K, reserved 1114112K
  class space    used 6976K, committed 7424K, reserved 1048576K
}

