# JRE version: OpenJDK Runtime Environment (18.0.2+9) (build 18.0.2+9-61)
# Java VM: OpenJDK 64-Bit Server VM (18.0.2+9-61, mixed mode, sharing, tiered, compressed oops, compressed class ptrs, g1 gc, windows-amd64)
GC Precious Log:
 CardTable entry size: 512
 Card Set container configuration: InlinePtr #cards 4 size 8 Array Of Cards #cards 16 size 48 Howl #buckets 8 coarsen threshold 3686 Howl Bitmap #cards 512 size 80 coarsen threshold 460 Card regions per heap region 1 cards per card region 4096
 CPUs: 12 total, 12 available
 Memory: 15733M
 Large Page Support: Disabled
 NUMA Support: Disabled
 Compressed Oops: Enabled (Zero based)
 Heap Region Size: 2M
 Heap Min Capacity: 8M
 Heap Initial Capacity: 246M
 Heap Max Capacity: 3934M
 Pre-touch: Disabled
 Parallel Workers: 10
 Concurrent Workers: 3
 Concurrent Refinement Workers: 10
 Periodic GC: Disabled
Heap:
 garbage-first heap   total 346112K, used 219937K [0x000000070a200000, 0x0000000800000000)
  region size 2048K, 9 young (18432K), 1 survivors (2048K)
 Metaspace       used 66446K, committed 67328K, reserved 1114112K
  class space    used 7330K, committed 7808K, reserved 1048576K
GC Heap History (20 events):
Event: 10.404 GC heap before
{Heap before GC invocations=29 (full 0):
 garbage-first heap   total 325632K, used 226897K [0x000000070a200000, 0x0000000800000000)
  region size 2048K, 57 young (116736K), 8 survivors (16384K)
 Metaspace       used 61090K, committed 61952K, reserved 1114112K
  class space    used 6970K, committed 7424K, reserved 1048576K
}
Event: 10.421 GC heap after
{Heap after GC invocations=30 (full 0):
 garbage-first heap   total 325632K, used 140819K [0x000000070a200000, 0x0000000800000000)
  region size 2048K, 7 young (14336K), 7 survivors (14336K)
 Metaspace       used 61090K, committed 61952K, reserved 1114112K
  class space    used 6970K, committed 7424K, reserved 1048576K
}
Event: 11.772 GC heap before
{Heap before GC invocations=30 (full 0):
 garbage-first heap   total 325632K, used 237075K [0x000000070a200000, 0x0000000800000000)
  region size 2048K, 54 young (110592K), 7 survivors (14336K)
 Metaspace       used 62194K, committed 63040K, reserved 1114112K
  class space    used 7026K, committed 7488K, reserved 1048576K
}
Event: 11.782 GC heap after
{Heap after GC invocations=31 (full 0):
 garbage-first heap   total 325632K, used 148722K [0x000000070a200000, 0x0000000800000000)
  region size 2048K, 4 young (8192K), 4 survivors (8192K)
 Metaspace       used 62194K, committed 63040K, reserved 1114112K
  class space    used 7026K, committed 7488K, reserved 1048576K
}
Event: 13.657 GC heap before
{Heap before GC invocations=31 (full 0):
 garbage-first heap   total 325632K, used 234738K [0x000000070a200000, 0x0000000800000000)
  region size 2048K, 47 young (96256K), 4 survivors (8192K)
 Metaspace       used 64068K, committed 64896K, reserved 1114112K
  class space    used 7141K, committed 7616K, reserved 1048576K
}
Event: 13.667 GC heap after
{Heap after GC invocations=32 (full 0):
 garbage-first heap   total 325632K, used 156379K [0x000000070a200000, 0x0000000800000000)
  region size 2048K, 7 young (14336K), 7 survivors (14336K)
 Metaspace       used 64068K, committed 64896K, reserved 1114112K
  class space    used 7141K, committed 7616K, reserved 1048576K
}
Event: 15.814 GC heap before
{Heap before GC invocations=32 (full 0):
 garbage-first heap   total 325632K, used 264923K [0x000000070a200000, 0x0000000800000000)
  region size 2048K, 55 young (112640K), 7 survivors (14336K)
 Metaspace       used 65417K, committed 66304K, reserved 1114112K
  class space    used 7292K, committed 7744K, reserved 1048576K
}
Event: 15.829 GC heap after
{Heap after GC invocations=33 (full 0):
 garbage-first heap   total 325632K, used 178818K [0x000000070a200000, 0x0000000800000000)
  region size 2048K, 6 young (12288K), 6 survivors (12288K)
 Metaspace       used 65417K, committed 66304K, reserved 1114112K
  class space    used 7292K, committed 7744K, reserved 1048576K
}
Event: 18.100 GC heap before
{Heap before GC invocations=33 (full 0):
 garbage-first heap   total 325632K, used 262786K [0x000000070a200000, 0x0000000800000000)
  region size 2048K, 47 young (96256K), 6 survivors (12288K)
 Metaspace       used 65734K, committed 66560K, reserved 1114112K
  class space    used 7307K, committed 7744K, reserved 1048576K
}
Event: 18.113 GC heap after
{Heap after GC invocations=34 (full 0):
 garbage-first heap   total 325632K, used 186268K [0x000000070a200000, 0x0000000800000000)
  region size 2048K, 4 young (8192K), 4 survivors (8192K)
 Metaspace       used 65734K, committed 66560K, reserved 1114112K
  class space    used 7307K, committed 7744K, reserved 1048576K
}
Event: 19.452 GC heap before
{Heap before GC invocations=35 (full 0):
 garbage-first heap   total 325632K, used 264092K [0x000000070a200000, 0x0000000800000000)
  region size 2048K, 43 young (88064K), 4 survivors (8192K)
 Metaspace       used 65878K, committed 66752K, reserved 1114112K
  class space    used 7309K, committed 7744K, reserved 1048576K
}
Event: 19.463 GC heap after
{Heap after GC invocations=36 (full 0):
 garbage-first heap   total 325632K, used 190694K [0x000000070a200000, 0x0000000800000000)
  region size 2048K, 4 young (8192K), 4 survivors (8192K)
 Metaspace       used 65878K, committed 66752K, reserved 1114112K
  class space    used 7309K, committed 7744K, reserved 1048576K
}
Event: 19.557 GC heap before
{Heap before GC invocations=36 (full 0):
 garbage-first heap   total 325632K, used 196838K [0x000000070a200000, 0x0000000800000000)
  region size 2048K, 7 young (14336K), 4 survivors (8192K)
 Metaspace       used 65908K, committed 66752K, reserved 1114112K
  class space    used 7310K, committed 7744K, reserved 1048576K
}
Event: 19.564 GC heap after
{Heap after GC invocations=37 (full 0):
 garbage-first heap   total 325632K, used 189630K [0x000000070a200000, 0x0000000800000000)
  region size 2048K, 1 young (2048K), 1 survivors (2048K)
 Metaspace       used 65908K, committed 66752K, reserved 1114112K
  class space    used 7310K, committed 7744K, reserved 1048576K
}
Event: 20.703 GC heap before
{Heap before GC invocations=37 (full 0):
 garbage-first heap   total 325632K, used 267454K [0x000000070a200000, 0x0000000800000000)
  region size 2048K, 40 young (81920K), 1 survivors (2048K)
 Metaspace       used 66240K, committed 67072K, reserved 1114112K
  class space    used 7325K, committed 7744K, reserved 1048576K
}
Event: 20.714 GC heap after
{Heap after GC invocations=38 (full 0):
 garbage-first heap   total 325632K, used 198402K [0x000000070a200000, 0x0000000800000000)
  region size 2048K, 5 young (10240K), 5 survivors (10240K)
 Metaspace       used 66240K, committed 67072K, reserved 1114112K
  class space    used 7325K, committed 7744K, reserved 1048576K
}
Event: 21.788 GC heap before
{Heap before GC invocations=39 (full 0):
 garbage-first heap   total 346112K, used 270082K [0x000000070a200000, 0x0000000800000000)
  region size 2048K, 40 young (81920K), 5 survivors (10240K)
 Metaspace       used 66410K, committed 67328K, reserved 1114112K
  class space    used 7327K, committed 7808K, reserved 1048576K
}
Event: 21.798 GC heap after
{Heap after GC invocations=40 (full 0):
 garbage-first heap   total 346112K, used 206267K [0x000000070a200000, 0x0000000800000000)
  region size 2048K, 4 young (8192K), 4 survivors (8192K)
 Metaspace       used 66410K, committed 67328K, reserved 1114112K
  class space    used 7327K, committed 7808K, reserved 1048576K
}
Event: 21.925 GC heap before
{Heap before GC invocations=40 (full 0):
 garbage-first heap   total 346112K, used 214459K [0x000000070a200000, 0x0000000800000000)
  region size 2048K, 8 young (16384K), 4 survivors (8192K)
 Metaspace       used 66421K, committed 67328K, reserved 1114112K
  class space    used 7327K, committed 7808K, reserved 1048576K
}
Event: 21.931 GC heap after
{Heap after GC invocations=41 (full 0):
 garbage-first heap   total 346112K, used 205601K [0x000000070a200000, 0x0000000800000000)
  region size 2048K, 1 young (2048K), 1 survivors (2048K)
 Metaspace       used 66421K, committed 67328K, reserved 1114112K
  class space    used 7327K, committed 7808K, reserved 1048576K
}

