# JRE version: OpenJDK Runtime Environment (18.0.2+9) (build 18.0.2+9-61)
# Java VM: OpenJDK 64-Bit Server VM (18.0.2+9-61, mixed mode, sharing, tiered, compressed oops, compressed class ptrs, g1 gc, windows-amd64)
GC Precious Log:
 CardTable entry size: 512
 Card Set container configuration: InlinePtr #cards 4 size 8 Array Of Cards #cards 16 size 48 Howl #buckets 8 coarsen threshold 3686 Howl Bitmap #cards 512 size 80 coarsen threshold 460 Card regions per heap region 1 cards per card region 4096
 CPUs: 12 total, 12 available
 Memory: 15733M
 Large Page Support: Disabled
 NUMA Support: Disabled
 Compressed Oops: Enabled (Zero based)
 Heap Region Size: 2M
 Heap Min Capacity: 8M
 Heap Initial Capacity: 246M
 Heap Max Capacity: 3934M
 Pre-touch: Disabled
 Parallel Workers: 10
 Concurrent Workers: 3
 Concurrent Refinement Workers: 10
 Periodic GC: Disabled
Heap:
 garbage-first heap   total 253952K, used 142299K [0x000000070a200000, 0x0000000800000000)
  region size 2048K, 4 young (8192K), 4 survivors (8192K)
 Metaspace       used 64158K, committed 64960K, reserved 1114112K
  class space    used 7173K, committed 7616K, reserved 1048576K
GC Heap History (20 events):
Event: 7.459 GC heap after
{Heap after GC invocations=22 (full 0):
 garbage-first heap   total 151552K, used 92160K [0x000000070a200000, 0x0000000800000000)
  region size 2048K, 2 young (4096K), 2 survivors (4096K)
 Metaspace       used 55723K, committed 56512K, reserved 1114112K
  class space    used 6371K, committed 6784K, reserved 1048576K
}
Event: 7.494 GC heap before
{Heap before GC invocations=22 (full 0):
 garbage-first heap   total 151552K, used 94208K [0x000000070a200000, 0x0000000800000000)
  region size 2048K, 3 young (6144K), 2 survivors (4096K)
 Metaspace       used 55747K, committed 56576K, reserved 1114112K
  class space    used 6371K, committed 6784K, reserved 1048576K
}
Event: 7.500 GC heap after
{Heap after GC invocations=23 (full 0):
 garbage-first heap   total 151552K, used 92315K [0x000000070a200000, 0x0000000800000000)
  region size 2048K, 1 young (2048K), 1 survivors (2048K)
 Metaspace       used 55747K, committed 56576K, reserved 1114112K
  class space    used 6371K, committed 6784K, reserved 1048576K
}
Event: 7.862 GC heap before
{Heap before GC invocations=23 (full 0):
 garbage-first heap   total 151552K, used 116891K [0x000000070a200000, 0x0000000800000000)
  region size 2048K, 14 young (28672K), 1 survivors (2048K)
 Metaspace       used 58311K, committed 59136K, reserved 1114112K
  class space    used 6797K, committed 7232K, reserved 1048576K
}
Event: 7.866 GC heap after
{Heap after GC invocations=24 (full 0):
 garbage-first heap   total 151552K, used 96588K [0x000000070a200000, 0x0000000800000000)
  region size 2048K, 2 young (4096K), 2 survivors (4096K)
 Metaspace       used 58311K, committed 59136K, reserved 1114112K
  class space    used 6797K, committed 7232K, reserved 1048576K
}
Event: 8.246 GC heap before
{Heap before GC invocations=25 (full 0):
 garbage-first heap   total 167936K, used 121164K [0x000000070a200000, 0x0000000800000000)
  region size 2048K, 14 young (28672K), 2 survivors (4096K)
 Metaspace       used 59344K, committed 60096K, reserved 1114112K
  class space    used 6888K, committed 7296K, reserved 1048576K
}
Event: 8.252 GC heap after
{Heap after GC invocations=26 (full 0):
 garbage-first heap   total 167936K, used 100137K [0x000000070a200000, 0x0000000800000000)
  region size 2048K, 2 young (4096K), 2 survivors (4096K)
 Metaspace       used 59344K, committed 60096K, reserved 1114112K
  class space    used 6888K, committed 7296K, reserved 1048576K
}
Event: 8.324 GC heap before
{Heap before GC invocations=26 (full 0):
 garbage-first heap   total 167936K, used 104233K [0x000000070a200000, 0x0000000800000000)
  region size 2048K, 4 young (8192K), 2 survivors (4096K)
 Metaspace       used 59493K, committed 60352K, reserved 1114112K
  class space    used 6901K, committed 7360K, reserved 1048576K
}
Event: 8.329 GC heap after
{Heap after GC invocations=27 (full 0):
 garbage-first heap   total 253952K, used 99357K [0x000000070a200000, 0x0000000800000000)
  region size 2048K, 1 young (2048K), 1 survivors (2048K)
 Metaspace       used 59493K, committed 60352K, reserved 1114112K
  class space    used 6901K, committed 7360K, reserved 1048576K
}
Event: 9.145 GC heap before
{Heap before GC invocations=27 (full 0):
 garbage-first heap   total 253952K, used 185373K [0x000000070a200000, 0x0000000800000000)
  region size 2048K, 43 young (88064K), 1 survivors (2048K)
 Metaspace       used 59923K, committed 60736K, reserved 1114112K
  class space    used 6908K, committed 7360K, reserved 1048576K
}
Event: 9.158 GC heap after
{Heap after GC invocations=28 (full 0):
 garbage-first heap   total 253952K, used 113903K [0x000000070a200000, 0x0000000800000000)
  region size 2048K, 6 young (12288K), 6 survivors (12288K)
 Metaspace       used 59923K, committed 60736K, reserved 1114112K
  class space    used 6908K, committed 7360K, reserved 1048576K
}
Event: 9.793 GC heap before
{Heap before GC invocations=28 (full 0):
 garbage-first heap   total 253952K, used 185583K [0x000000070a200000, 0x0000000800000000)
  region size 2048K, 41 young (83968K), 6 survivors (12288K)
 Metaspace       used 60555K, committed 61440K, reserved 1114112K
  class space    used 6956K, committed 7424K, reserved 1048576K
}
Event: 9.808 GC heap after
{Heap after GC invocations=29 (full 0):
 garbage-first heap   total 253952K, used 125202K [0x000000070a200000, 0x0000000800000000)
  region size 2048K, 6 young (12288K), 6 survivors (12288K)
 Metaspace       used 60555K, committed 61440K, reserved 1114112K
  class space    used 6956K, committed 7424K, reserved 1048576K
}
Event: 10.690 GC heap before
{Heap before GC invocations=29 (full 0):
 garbage-first heap   total 253952K, used 190738K [0x000000070a200000, 0x0000000800000000)
  region size 2048K, 38 young (77824K), 6 survivors (12288K)
 Metaspace       used 61423K, committed 62272K, reserved 1114112K
  class space    used 6991K, committed 7424K, reserved 1048576K
}
Event: 10.699 GC heap after
{Heap after GC invocations=30 (full 0):
 garbage-first heap   total 253952K, used 130201K [0x000000070a200000, 0x0000000800000000)
  region size 2048K, 3 young (6144K), 3 survivors (6144K)
 Metaspace       used 61423K, committed 62272K, reserved 1114112K
  class space    used 6991K, committed 7424K, reserved 1048576K
}
Event: 12.160 GC heap before
{Heap before GC invocations=31 (full 0):
 garbage-first heap   total 253952K, used 197785K [0x000000070a200000, 0x0000000800000000)
  region size 2048K, 36 young (73728K), 3 survivors (6144K)
 Metaspace       used 63386K, committed 64256K, reserved 1114112K
  class space    used 7124K, committed 7552K, reserved 1048576K
}
Event: 12.168 GC heap after
{Heap after GC invocations=32 (full 0):
 garbage-first heap   total 253952K, used 136355K [0x000000070a200000, 0x0000000800000000)
  region size 2048K, 5 young (10240K), 5 survivors (10240K)
 Metaspace       used 63386K, committed 64256K, reserved 1114112K
  class space    used 7124K, committed 7552K, reserved 1048576K
}
Event: 12.216 GC heap before
{Heap before GC invocations=32 (full 0):
 garbage-first heap   total 253952K, used 138403K [0x000000070a200000, 0x0000000800000000)
  region size 2048K, 6 young (12288K), 5 survivors (10240K)
 Metaspace       used 63391K, committed 64256K, reserved 1114112K
  class space    used 7124K, committed 7552K, reserved 1048576K
}
Event: 12.225 GC heap after
{Heap after GC invocations=33 (full 0):
 garbage-first heap   total 253952K, used 137473K [0x000000070a200000, 0x0000000800000000)
  region size 2048K, 1 young (2048K), 1 survivors (2048K)
 Metaspace       used 63391K, committed 64256K, reserved 1114112K
  class space    used 7124K, committed 7552K, reserved 1048576K
}
Event: 13.736 GC heap before
{Heap before GC invocations=33 (full 0):
 garbage-first heap   total 253952K, used 200961K [0x000000070a200000, 0x0000000800000000)
  region size 2048K, 33 young (67584K), 1 survivors (2048K)
 Metaspace       used 64158K, committed 64960K, reserved 1114112K
  class space    used 7173K, committed 7616K, reserved 1048576K
}

