# JRE version: OpenJDK Runtime Environment (18.0.2+9) (build 18.0.2+9-61)
# Java VM: OpenJDK 64-Bit Server VM (18.0.2+9-61, mixed mode, sharing, tiered, compressed oops, compressed class ptrs, g1 gc, windows-amd64)
GC Precious Log:
 CardTable entry size: 512
 Card Set container configuration: InlinePtr #cards 5 size 8 Array Of Cards #cards 12 size 40 Howl #buckets 4 coarsen threshold 1843 Howl Bitmap #cards 512 size 80 coarsen threshold 460 Card regions per heap region 1 cards per card region 2048
 CPUs: 12 total, 12 available
 Memory: 15733M
 Large Page Support: Disabled
 NUMA Support: Disabled
 Compressed Oops: Enabled (32-bit)
 Heap Region Size: 1M
 Heap Min Capacity: 8M
 Heap Initial Capacity: 246M
 Heap Max Capacity: 2G
 Pre-touch: Disabled
 Parallel Workers: 10
 Concurrent Workers: 3
 Concurrent Refinement Workers: 10
 Periodic GC: Disabled
Heap:
 garbage-first heap   total 457728K, used 237875K [0x0000000080000000, 0x0000000100000000)
  region size 1024K, 9 young (9216K), 9 survivors (9216K)
 Metaspace       used 126759K, committed 129152K, reserved 1179648K
  class space    used 16441K, committed 17664K, reserved 1048576K
GC Heap History (20 events):
Event: 14.760 GC heap after
{Heap after GC invocations=46 (full 0):
 garbage-first heap   total 457728K, used 191916K [0x0000000080000000, 0x0000000100000000)
  region size 1024K, 11 young (11264K), 11 survivors (11264K)
 Metaspace       used 96567K, committed 98752K, reserved 1179648K
  class space    used 13224K, committed 14336K, reserved 1048576K
}
Event: 14.763 GC heap before
{Heap before GC invocations=46 (full 0):
 garbage-first heap   total 457728K, used 200108K [0x0000000080000000, 0x0000000100000000)
  region size 1024K, 12 young (12288K), 11 survivors (11264K)
 Metaspace       used 96571K, committed 98752K, reserved 1179648K
  class space    used 13225K, committed 14336K, reserved 1048576K
}
Event: 14.768 GC heap after
{Heap after GC invocations=47 (full 0):
 garbage-first heap   total 457728K, used 199095K [0x0000000080000000, 0x0000000100000000)
  region size 1024K, 10 young (10240K), 10 survivors (10240K)
 Metaspace       used 96571K, committed 98752K, reserved 1179648K
  class space    used 13225K, committed 14336K, reserved 1048576K
}
Event: 90.917 GC heap before
{Heap before GC invocations=48 (full 0):
 garbage-first heap   total 457728K, used 392631K [0x0000000080000000, 0x0000000100000000)
  region size 1024K, 193 young (197632K), 10 survivors (10240K)
 Metaspace       used 101784K, committed 103936K, reserved 1179648K
  class space    used 13672K, committed 14784K, reserved 1048576K
}
Event: 90.928 GC heap after
{Heap after GC invocations=49 (full 0):
 garbage-first heap   total 457728K, used 188592K [0x0000000080000000, 0x0000000100000000)
  region size 1024K, 22 young (22528K), 22 survivors (22528K)
 Metaspace       used 101784K, committed 103936K, reserved 1179648K
  class space    used 13672K, committed 14784K, reserved 1048576K
}
Event: 90.939 GC heap before
{Heap before GC invocations=49 (full 0):
 garbage-first heap   total 457728K, used 189616K [0x0000000080000000, 0x0000000100000000)
  region size 1024K, 23 young (23552K), 22 survivors (22528K)
 Metaspace       used 101784K, committed 103936K, reserved 1179648K
  class space    used 13672K, committed 14784K, reserved 1048576K
}
Event: 90.948 GC heap after
{Heap after GC invocations=50 (full 0):
 garbage-first heap   total 457728K, used 188156K [0x0000000080000000, 0x0000000100000000)
  region size 1024K, 2 young (2048K), 2 survivors (2048K)
 Metaspace       used 101784K, committed 103936K, reserved 1179648K
  class space    used 13672K, committed 14784K, reserved 1048576K
}
Event: 95.201 GC heap before
{Heap before GC invocations=50 (full 0):
 garbage-first heap   total 457728K, used 379644K [0x0000000080000000, 0x0000000100000000)
  region size 1024K, 190 young (194560K), 2 survivors (2048K)
 Metaspace       used 106140K, committed 108480K, reserved 1179648K
  class space    used 14218K, committed 15424K, reserved 1048576K
}
Event: 95.206 GC heap after
{Heap after GC invocations=51 (full 0):
 garbage-first heap   total 457728K, used 193828K [0x0000000080000000, 0x0000000100000000)
  region size 1024K, 8 young (8192K), 8 survivors (8192K)
 Metaspace       used 106140K, committed 108480K, reserved 1179648K
  class space    used 14218K, committed 15424K, reserved 1048576K
}
Event: 98.620 GC heap before
{Heap before GC invocations=52 (full 0):
 garbage-first heap   total 457728K, used 393508K [0x0000000080000000, 0x0000000100000000)
  region size 1024K, 191 young (195584K), 8 survivors (8192K)
 Metaspace       used 115899K, committed 118272K, reserved 1179648K
  class space    used 15211K, committed 16448K, reserved 1048576K
}
Event: 98.634 GC heap after
{Heap after GC invocations=53 (full 0):
 garbage-first heap   total 457728K, used 222999K [0x0000000080000000, 0x0000000100000000)
  region size 1024K, 24 young (24576K), 24 survivors (24576K)
 Metaspace       used 115899K, committed 118272K, reserved 1179648K
  class space    used 15211K, committed 16448K, reserved 1048576K
}
Event: 98.652 GC heap before
{Heap before GC invocations=53 (full 0):
 garbage-first heap   total 457728K, used 224023K [0x0000000080000000, 0x0000000100000000)
  region size 1024K, 25 young (25600K), 24 survivors (24576K)
 Metaspace       used 116136K, committed 118528K, reserved 1179648K
  class space    used 15223K, committed 16448K, reserved 1048576K
}
Event: 98.663 GC heap after
{Heap after GC invocations=54 (full 0):
 garbage-first heap   total 457728K, used 221184K [0x0000000080000000, 0x0000000100000000)
  region size 1024K, 3 young (3072K), 3 survivors (3072K)
 Metaspace       used 116136K, committed 118528K, reserved 1179648K
  class space    used 15223K, committed 16448K, reserved 1048576K
}
Event: 98.714 GC heap before
{Heap before GC invocations=54 (full 0):
 garbage-first heap   total 457728K, used 225280K [0x0000000080000000, 0x0000000100000000)
  region size 1024K, 9 young (9216K), 3 survivors (3072K)
 Metaspace       used 117156K, committed 119552K, reserved 1179648K
  class space    used 15329K, committed 16576K, reserved 1048576K
}
Event: 98.716 GC heap after
{Heap after GC invocations=55 (full 0):
 garbage-first heap   total 457728K, used 219517K [0x0000000080000000, 0x0000000100000000)
  region size 1024K, 2 young (2048K), 2 survivors (2048K)
 Metaspace       used 117156K, committed 119552K, reserved 1179648K
  class space    used 15329K, committed 16576K, reserved 1048576K
}
Event: 99.970 GC heap before
{Heap before GC invocations=56 (full 0):
 garbage-first heap   total 457728K, used 383357K [0x0000000080000000, 0x0000000100000000)
  region size 1024K, 155 young (158720K), 2 survivors (2048K)
 Metaspace       used 125874K, committed 128256K, reserved 1179648K
  class space    used 16363K, committed 17600K, reserved 1048576K
}
Event: 99.977 GC heap after
{Heap after GC invocations=57 (full 0):
 garbage-first heap   total 457728K, used 232888K [0x0000000080000000, 0x0000000100000000)
  region size 1024K, 12 young (12288K), 12 survivors (12288K)
 Metaspace       used 125874K, committed 128256K, reserved 1179648K
  class space    used 16363K, committed 17600K, reserved 1048576K
}
Event: 100.018 GC heap before
{Heap before GC invocations=57 (full 0):
 garbage-first heap   total 457728K, used 243128K [0x0000000080000000, 0x0000000100000000)
  region size 1024K, 22 young (22528K), 12 survivors (12288K)
 Metaspace       used 125908K, committed 128320K, reserved 1179648K
  class space    used 16363K, committed 17600K, reserved 1048576K
}
Event: 100.025 GC heap after
{Heap after GC invocations=58 (full 0):
 garbage-first heap   total 457728K, used 230698K [0x0000000080000000, 0x0000000100000000)
  region size 1024K, 2 young (2048K), 2 survivors (2048K)
 Metaspace       used 125908K, committed 128320K, reserved 1179648K
  class space    used 16363K, committed 17600K, reserved 1048576K
}
Event: 100.694 GC heap before
{Heap before GC invocations=58 (full 0):
 garbage-first heap   total 457728K, used 379178K [0x0000000080000000, 0x0000000100000000)
  region size 1024K, 147 young (150528K), 2 survivors (2048K)
 Metaspace       used 126759K, committed 129152K, reserved 1179648K
  class space    used 16441K, committed 17664K, reserved 1048576K
}

