# JRE version: OpenJDK Runtime Environment (18.0.2+9) (build 18.0.2+9-61)
# Java VM: OpenJDK 64-Bit Server VM (18.0.2+9-61, mixed mode, sharing, tiered, compressed oops, compressed class ptrs, g1 gc, windows-amd64)
GC Precious Log:
 CardTable entry size: 512
 Card Set container configuration: InlinePtr #cards 4 size 8 Array Of Cards #cards 16 size 48 Howl #buckets 8 coarsen threshold 3686 Howl Bitmap #cards 512 size 80 coarsen threshold 460 Card regions per heap region 1 cards per card region 4096
 CPUs: 12 total, 12 available
 Memory: 15733M
 Large Page Support: Disabled
 NUMA Support: Disabled
 Compressed Oops: Enabled (Zero based)
 Heap Region Size: 2M
 Heap Min Capacity: 8M
 Heap Initial Capacity: 246M
 Heap Max Capacity: 3934M
 Pre-touch: Disabled
 Parallel Workers: 10
 Concurrent Workers: 3
 Concurrent Refinement Workers: 10
 Periodic GC: Disabled
Heap:
 garbage-first heap   total 141312K, used 91212K [0x000000070a200000, 0x0000000800000000)
  region size 2048K, 14 young (28672K), 3 survivors (6144K)
 Metaspace       used 54673K, committed 55488K, reserved 1114112K
  class space    used 6436K, committed 6848K, reserved 1048576K
GC Heap History (20 events):
Event: 1.173 GC heap before
{Heap before GC invocations=2 (full 0):
 garbage-first heap   total 251904K, used 43167K [0x000000070a200000, 0x0000000800000000)
  region size 2048K, 18 young (36864K), 3 survivors (6144K)
 Metaspace       used 21317K, committed 21504K, reserved 1114112K
  class space    used 2530K, committed 2624K, reserved 1048576K
}
Event: 1.177 GC heap after
{Heap after GC invocations=3 (full 0):
 garbage-first heap   total 251904K, used 17071K [0x000000070a200000, 0x0000000800000000)
  region size 2048K, 5 young (10240K), 5 survivors (10240K)
 Metaspace       used 21317K, committed 21504K, reserved 1114112K
  class space    used 2530K, committed 2624K, reserved 1048576K
}
Event: 1.577 GC heap before
{Heap before GC invocations=4 (full 0):
 garbage-first heap   total 75776K, used 53935K [0x000000070a200000, 0x0000000800000000)
  region size 2048K, 22 young (45056K), 5 survivors (10240K)
 Metaspace       used 24167K, committed 24448K, reserved 1114112K
  class space    used 3030K, committed 3200K, reserved 1048576K
}
Event: 1.590 GC heap after
{Heap after GC invocations=5 (full 0):
 garbage-first heap   total 75776K, used 25595K [0x000000070a200000, 0x0000000800000000)
  region size 2048K, 3 young (6144K), 3 survivors (6144K)
 Metaspace       used 24167K, committed 24448K, reserved 1114112K
  class space    used 3030K, committed 3200K, reserved 1048576K
}
Event: 1.598 GC heap before
{Heap before GC invocations=5 (full 0):
 garbage-first heap   total 75776K, used 27643K [0x000000070a200000, 0x0000000800000000)
  region size 2048K, 4 young (8192K), 3 survivors (6144K)
 Metaspace       used 24205K, committed 24576K, reserved 1114112K
  class space    used 3032K, committed 3200K, reserved 1048576K
}
Event: 1.604 GC heap after
{Heap after GC invocations=6 (full 0):
 garbage-first heap   total 75776K, used 27544K [0x000000070a200000, 0x0000000800000000)
  region size 2048K, 1 young (2048K), 1 survivors (2048K)
 Metaspace       used 24205K, committed 24576K, reserved 1114112K
  class space    used 3032K, committed 3200K, reserved 1048576K
}
Event: 1.994 GC heap before
{Heap before GC invocations=6 (full 0):
 garbage-first heap   total 75776K, used 50072K [0x000000070a200000, 0x0000000800000000)
  region size 2048K, 13 young (26624K), 1 survivors (2048K)
 Metaspace       used 29090K, committed 29440K, reserved 1114112K
  class space    used 3754K, committed 3904K, reserved 1048576K
}
Event: 1.998 GC heap after
{Heap after GC invocations=7 (full 0):
 garbage-first heap   total 153600K, used 27406K [0x000000070a200000, 0x0000000800000000)
  region size 2048K, 2 young (4096K), 2 survivors (4096K)
 Metaspace       used 29090K, committed 29440K, reserved 1114112K
  class space    used 3754K, committed 3904K, reserved 1048576K
}
Event: 2.331 GC heap before
{Heap before GC invocations=7 (full 0):
 garbage-first heap   total 153600K, used 60174K [0x000000070a200000, 0x0000000800000000)
  region size 2048K, 19 young (38912K), 2 survivors (4096K)
 Metaspace       used 35632K, committed 36096K, reserved 1114112K
  class space    used 4387K, committed 4608K, reserved 1048576K
}
Event: 2.336 GC heap after
{Heap after GC invocations=8 (full 0):
 garbage-first heap   total 153600K, used 30717K [0x000000070a200000, 0x0000000800000000)
  region size 2048K, 4 young (8192K), 4 survivors (8192K)
 Metaspace       used 35632K, committed 36096K, reserved 1114112K
  class space    used 4387K, committed 4608K, reserved 1048576K
}
Event: 3.130 GC heap before
{Heap before GC invocations=9 (full 0):
 garbage-first heap   total 116736K, used 94205K [0x000000070a200000, 0x0000000800000000)
  region size 2048K, 34 young (69632K), 4 survivors (8192K)
 Metaspace       used 42478K, committed 43264K, reserved 1114112K
  class space    used 5164K, committed 5568K, reserved 1048576K
}
Event: 3.145 GC heap after
{Heap after GC invocations=10 (full 0):
 garbage-first heap   total 116736K, used 42780K [0x000000070a200000, 0x0000000800000000)
  region size 2048K, 5 young (10240K), 5 survivors (10240K)
 Metaspace       used 42478K, committed 43264K, reserved 1114112K
  class space    used 5164K, committed 5568K, reserved 1048576K
}
Event: 3.567 GC heap before
{Heap before GC invocations=10 (full 0):
 garbage-first heap   total 116736K, used 79644K [0x000000070a200000, 0x0000000800000000)
  region size 2048K, 23 young (47104K), 5 survivors (10240K)
 Metaspace       used 46709K, committed 47552K, reserved 1114112K
  class space    used 5662K, committed 6080K, reserved 1048576K
}
Event: 3.584 GC heap after
{Heap after GC invocations=11 (full 0):
 garbage-first heap   total 116736K, used 50550K [0x000000070a200000, 0x0000000800000000)
  region size 2048K, 3 young (6144K), 3 survivors (6144K)
 Metaspace       used 46709K, committed 47552K, reserved 1114112K
  class space    used 5662K, committed 6080K, reserved 1048576K
}
Event: 4.091 GC heap before
{Heap before GC invocations=11 (full 0):
 garbage-first heap   total 116736K, used 85366K [0x000000070a200000, 0x0000000800000000)
  region size 2048K, 20 young (40960K), 3 survivors (6144K)
 Metaspace       used 48306K, committed 49088K, reserved 1114112K
  class space    used 5861K, committed 6272K, reserved 1048576K
}
Event: 4.111 GC heap after
{Heap after GC invocations=12 (full 0):
 garbage-first heap   total 141312K, used 58928K [0x000000070a200000, 0x0000000800000000)
  region size 2048K, 3 young (6144K), 3 survivors (6144K)
 Metaspace       used 48306K, committed 49088K, reserved 1114112K
  class space    used 5861K, committed 6272K, reserved 1048576K
}
Event: 4.535 GC heap before
{Heap before GC invocations=12 (full 0):
 garbage-first heap   total 141312K, used 101936K [0x000000070a200000, 0x0000000800000000)
  region size 2048K, 23 young (47104K), 3 survivors (6144K)
 Metaspace       used 49736K, committed 50560K, reserved 1114112K
  class space    used 5979K, committed 6400K, reserved 1048576K
}
Event: 4.547 GC heap after
{Heap after GC invocations=13 (full 0):
 garbage-first heap   total 141312K, used 66148K [0x000000070a200000, 0x0000000800000000)
  region size 2048K, 3 young (6144K), 3 survivors (6144K)
 Metaspace       used 49736K, committed 50560K, reserved 1114112K
  class space    used 5979K, committed 6400K, reserved 1048576K
}
Event: 5.196 GC heap before
{Heap before GC invocations=13 (full 0):
 garbage-first heap   total 141312K, used 103012K [0x000000070a200000, 0x0000000800000000)
  region size 2048K, 21 young (43008K), 3 survivors (6144K)
 Metaspace       used 53110K, committed 53888K, reserved 1114112K
  class space    used 6326K, committed 6720K, reserved 1048576K
}
Event: 5.206 GC heap after
{Heap after GC invocations=14 (full 0):
 garbage-first heap   total 141312K, used 70732K [0x000000070a200000, 0x0000000800000000)
  region size 2048K, 3 young (6144K), 3 survivors (6144K)
 Metaspace       used 53110K, committed 53888K, reserved 1114112K
  class space    used 6326K, committed 6720K, reserved 1048576K
}

