# JRE version: OpenJDK Runtime Environment (18.0.2+9) (build 18.0.2+9-61)
# Java VM: OpenJDK 64-Bit Server VM (18.0.2+9-61, mixed mode, sharing, tiered, compressed oops, compressed class ptrs, g1 gc, windows-amd64)
GC Precious Log:
 CardTable entry size: 512
 Card Set container configuration: InlinePtr #cards 5 size 8 Array Of Cards #cards 12 size 40 Howl #buckets 4 coarsen threshold 1843 Howl Bitmap #cards 512 size 80 coarsen threshold 460 Card regions per heap region 1 cards per card region 2048
 CPUs: 12 total, 12 available
 Memory: 15733M
 Large Page Support: Disabled
 NUMA Support: Disabled
 Compressed Oops: Enabled (32-bit)
 Heap Region Size: 1M
 Heap Min Capacity: 8M
 Heap Initial Capacity: 246M
 Heap Max Capacity: 2G
 Pre-touch: Disabled
 Parallel Workers: 10
 Concurrent Workers: 3
 Concurrent Refinement Workers: 10
 Periodic GC: Disabled
Heap:
 garbage-first heap   total 384000K, used 185793K [0x0000000080000000, 0x0000000100000000)
  region size 1024K, 2 young (2048K), 2 survivors (2048K)
 Metaspace       used 140604K, committed 142912K, reserved 1179648K
  class space    used 18974K, committed 20160K, reserved 1048576K
GC Heap History (20 events):
Event: 47.287 GC heap after
{Heap after GC invocations=57 (full 0):
 garbage-first heap   total 345088K, used 192004K [0x0000000080000000, 0x0000000100000000)
  region size 1024K, 8 young (8192K), 8 survivors (8192K)
 Metaspace       used 122194K, committed 124416K, reserved 1179648K
  class space    used 16913K, committed 18048K, reserved 1048576K
}
Event: 47.572 GC heap before
{Heap before GC invocations=58 (full 0):
 garbage-first heap   total 384000K, used 284164K [0x0000000080000000, 0x0000000100000000)
  region size 1024K, 100 young (102400K), 8 survivors (8192K)
 Metaspace       used 122924K, committed 125056K, reserved 1179648K
  class space    used 17056K, committed 18176K, reserved 1048576K
}
Event: 47.576 GC heap after
{Heap after GC invocations=59 (full 0):
 garbage-first heap   total 384000K, used 187675K [0x0000000080000000, 0x0000000100000000)
  region size 1024K, 5 young (5120K), 5 survivors (5120K)
 Metaspace       used 122924K, committed 125056K, reserved 1179648K
  class space    used 17056K, committed 18176K, reserved 1048576K
}
Event: 47.604 GC heap before
{Heap before GC invocations=59 (full 0):
 garbage-first heap   total 384000K, used 199963K [0x0000000080000000, 0x0000000100000000)
  region size 1024K, 18 young (18432K), 5 survivors (5120K)
 Metaspace       used 122991K, committed 125120K, reserved 1179648K
  class space    used 17072K, committed 18176K, reserved 1048576K
}
Event: 47.609 GC heap after
{Heap after GC invocations=60 (full 0):
 garbage-first heap   total 384000K, used 184618K [0x0000000080000000, 0x0000000100000000)
  region size 1024K, 2 young (2048K), 2 survivors (2048K)
 Metaspace       used 122991K, committed 125120K, reserved 1179648K
  class space    used 17072K, committed 18176K, reserved 1048576K
}
Event: 47.893 GC heap before
{Heap before GC invocations=60 (full 0):
 garbage-first heap   total 384000K, used 313642K [0x0000000080000000, 0x0000000100000000)
  region size 1024K, 129 young (132096K), 2 survivors (2048K)
 Metaspace       used 123371K, committed 125504K, reserved 1179648K
  class space    used 17076K, committed 18176K, reserved 1048576K
}
Event: 47.895 GC heap after
{Heap after GC invocations=61 (full 0):
 garbage-first heap   total 384000K, used 186088K [0x0000000080000000, 0x0000000100000000)
  region size 1024K, 4 young (4096K), 4 survivors (4096K)
 Metaspace       used 123371K, committed 125504K, reserved 1179648K
  class space    used 17076K, committed 18176K, reserved 1048576K
}
Event: 48.379 GC heap before
{Heap before GC invocations=61 (full 0):
 garbage-first heap   total 384000K, used 282344K [0x0000000080000000, 0x0000000100000000)
  region size 1024K, 100 young (102400K), 4 survivors (4096K)
 Metaspace       used 124777K, committed 126976K, reserved 1179648K
  class space    used 17297K, committed 18432K, reserved 1048576K
}
Event: 48.385 GC heap after
{Heap after GC invocations=62 (full 0):
 garbage-first heap   total 384000K, used 191624K [0x0000000080000000, 0x0000000100000000)
  region size 1024K, 9 young (9216K), 9 survivors (9216K)
 Metaspace       used 124777K, committed 126976K, reserved 1179648K
  class space    used 17297K, committed 18432K, reserved 1048576K
}
Event: 258.072 GC heap before
{Heap before GC invocations=63 (full 0):
 garbage-first heap   total 384000K, used 342152K [0x0000000080000000, 0x0000000100000000)
  region size 1024K, 133 young (136192K), 9 survivors (9216K)
 Metaspace       used 131412K, committed 133696K, reserved 1179648K
  class space    used 17938K, committed 19136K, reserved 1048576K
}
Event: 258.084 GC heap after
{Heap after GC invocations=64 (full 0):
 garbage-first heap   total 384000K, used 192031K [0x0000000080000000, 0x0000000100000000)
  region size 1024K, 12 young (12288K), 12 survivors (12288K)
 Metaspace       used 131412K, committed 133696K, reserved 1179648K
  class space    used 17938K, committed 19136K, reserved 1048576K
}
Event: 258.165 GC heap before
{Heap before GC invocations=64 (full 0):
 garbage-first heap   total 384000K, used 198175K [0x0000000080000000, 0x0000000100000000)
  region size 1024K, 18 young (18432K), 12 survivors (12288K)
 Metaspace       used 131470K, committed 133760K, reserved 1179648K
  class space    used 17938K, committed 19136K, reserved 1048576K
}
Event: 258.178 GC heap after
{Heap after GC invocations=65 (full 0):
 garbage-first heap   total 384000K, used 177390K [0x0000000080000000, 0x0000000100000000)
  region size 1024K, 3 young (3072K), 3 survivors (3072K)
 Metaspace       used 131470K, committed 133760K, reserved 1179648K
  class space    used 17938K, committed 19136K, reserved 1048576K
}
Event: 260.296 GC heap before
{Heap before GC invocations=65 (full 0):
 garbage-first heap   total 384000K, used 263406K [0x0000000080000000, 0x0000000100000000)
  region size 1024K, 89 young (91136K), 3 survivors (3072K)
 Metaspace       used 131630K, committed 133888K, reserved 1179648K
  class space    used 17939K, committed 19136K, reserved 1048576K
}
Event: 260.301 GC heap after
{Heap after GC invocations=66 (full 0):
 garbage-first heap   total 384000K, used 179838K [0x0000000080000000, 0x0000000100000000)
  region size 1024K, 5 young (5120K), 5 survivors (5120K)
 Metaspace       used 131630K, committed 133888K, reserved 1179648K
  class space    used 17939K, committed 19136K, reserved 1048576K
}
Event: 261.579 GC heap before
{Heap before GC invocations=67 (full 0):
 garbage-first heap   total 384000K, used 320126K [0x0000000080000000, 0x0000000100000000)
  region size 1024K, 132 young (135168K), 5 survivors (5120K)
 Metaspace       used 139621K, committed 141952K, reserved 1179648K
  class space    used 18828K, committed 20032K, reserved 1048576K
}
Event: 261.588 GC heap after
{Heap after GC invocations=68 (full 0):
 garbage-first heap   total 384000K, used 201303K [0x0000000080000000, 0x0000000100000000)
  region size 1024K, 17 young (17408K), 17 survivors (17408K)
 Metaspace       used 139621K, committed 141952K, reserved 1179648K
  class space    used 18828K, committed 20032K, reserved 1048576K
}
Event: 261.600 GC heap before
{Heap before GC invocations=68 (full 0):
 garbage-first heap   total 384000K, used 202327K [0x0000000080000000, 0x0000000100000000)
  region size 1024K, 18 young (18432K), 17 survivors (17408K)
 Metaspace       used 139680K, committed 141952K, reserved 1179648K
  class space    used 18835K, committed 20032K, reserved 1048576K
}
Event: 261.611 GC heap after
{Heap after GC invocations=69 (full 0):
 garbage-first heap   total 384000K, used 185948K [0x0000000080000000, 0x0000000100000000)
  region size 1024K, 2 young (2048K), 2 survivors (2048K)
 Metaspace       used 139680K, committed 141952K, reserved 1179648K
  class space    used 18835K, committed 20032K, reserved 1048576K
}
Event: 261.798 GC heap before
{Heap before GC invocations=69 (full 0):
 garbage-first heap   total 384000K, used 204380K [0x0000000080000000, 0x0000000100000000)
  region size 1024K, 22 young (22528K), 2 survivors (2048K)
 Metaspace       used 140604K, committed 142912K, reserved 1179648K
  class space    used 18974K, committed 20160K, reserved 1048576K
}

