# JRE version: OpenJDK Runtime Environment (18.0.2+9) (build 18.0.2+9-61)
# Java VM: OpenJDK 64-Bit Server VM (18.0.2+9-61, mixed mode, sharing, tiered, compressed oops, compressed class ptrs, g1 gc, windows-amd64)
GC Precious Log:
 CardTable entry size: 512
 Card Set container configuration: InlinePtr #cards 4 size 8 Array Of Cards #cards 16 size 48 Howl #buckets 8 coarsen threshold 3686 Howl Bitmap #cards 512 size 80 coarsen threshold 460 Card regions per heap region 1 cards per card region 4096
 CPUs: 12 total, 12 available
 Memory: 15733M
 Large Page Support: Disabled
 NUMA Support: Disabled
 Compressed Oops: Enabled (Zero based)
 Heap Region Size: 2M
 Heap Min Capacity: 8M
 Heap Initial Capacity: 246M
 Heap Max Capacity: 3934M
 Pre-touch: Disabled
 Parallel Workers: 10
 Concurrent Workers: 3
 Concurrent Refinement Workers: 10
 Periodic GC: Disabled
Heap:
 garbage-first heap   total 479232K, used 328045K [0x000000070a200000, 0x0000000800000000)
  region size 2048K, 29 young (59392K), 6 survivors (12288K)
 Metaspace       used 92999K, committed 93888K, reserved 1179648K
  class space    used 9365K, committed 9792K, reserved 1048576K
GC Heap History (20 events):
Event: 18.781 GC heap before
{Heap before GC invocations=39 (full 0):
 garbage-first heap   total 479232K, used 178021K [0x000000070a200000, 0x0000000800000000)
  region size 2048K, 18 young (36864K), 17 survivors (34816K)
 Metaspace       used 65395K, committed 66240K, reserved 1114112K
  class space    used 7244K, committed 7680K, reserved 1048576K
}
Event: 18.796 GC heap after
{Heap after GC invocations=40 (full 0):
 garbage-first heap   total 479232K, used 179215K [0x000000070a200000, 0x0000000800000000)
  region size 2048K, 2 young (4096K), 2 survivors (4096K)
 Metaspace       used 65395K, committed 66240K, reserved 1114112K
  class space    used 7244K, committed 7680K, reserved 1048576K
}
Event: 21.414 GC heap before
{Heap before GC invocations=40 (full 0):
 garbage-first heap   total 479232K, used 359439K [0x000000070a200000, 0x0000000800000000)
  region size 2048K, 90 young (184320K), 2 survivors (4096K)
 Metaspace       used 66520K, committed 67328K, reserved 1114112K
  class space    used 7321K, committed 7744K, reserved 1048576K
}
Event: 21.423 GC heap after
{Heap after GC invocations=41 (full 0):
 garbage-first heap   total 479232K, used 187407K [0x000000070a200000, 0x0000000800000000)
  region size 2048K, 6 young (12288K), 6 survivors (12288K)
 Metaspace       used 66520K, committed 67328K, reserved 1114112K
  class space    used 7321K, committed 7744K, reserved 1048576K
}
Event: 23.227 GC heap before
{Heap before GC invocations=41 (full 0):
 garbage-first heap   total 479232K, used 369679K [0x000000070a200000, 0x0000000800000000)
  region size 2048K, 95 young (194560K), 6 survivors (12288K)
 Metaspace       used 73279K, committed 74112K, reserved 1179648K
  class space    used 7890K, committed 8320K, reserved 1048576K
}
Event: 23.239 GC heap after
{Heap after GC invocations=42 (full 0):
 garbage-first heap   total 479232K, used 198672K [0x000000070a200000, 0x0000000800000000)
  region size 2048K, 12 young (24576K), 12 survivors (24576K)
 Metaspace       used 73279K, committed 74112K, reserved 1179648K
  class space    used 7890K, committed 8320K, reserved 1048576K
}
Event: 25.467 GC heap before
{Heap before GC invocations=42 (full 0):
 garbage-first heap   total 479232K, used 380944K [0x000000070a200000, 0x0000000800000000)
  region size 2048K, 101 young (206848K), 12 survivors (24576K)
 Metaspace       used 83964K, committed 84800K, reserved 1179648K
  class space    used 8914K, committed 9344K, reserved 1048576K
}
Event: 25.491 GC heap after
{Heap after GC invocations=43 (full 0):
 garbage-first heap   total 479232K, used 223169K [0x000000070a200000, 0x0000000800000000)
  region size 2048K, 13 young (26624K), 13 survivors (26624K)
 Metaspace       used 83964K, committed 84800K, reserved 1179648K
  class space    used 8914K, committed 9344K, reserved 1048576K
}
Event: 26.534 GC heap before
{Heap before GC invocations=43 (full 0):
 garbage-first heap   total 479232K, used 380865K [0x000000070a200000, 0x0000000800000000)
  region size 2048K, 90 young (184320K), 13 survivors (26624K)
 Metaspace       used 85341K, committed 86144K, reserved 1179648K
  class space    used 8929K, committed 9344K, reserved 1048576K
}
Event: 26.549 GC heap after
{Heap after GC invocations=44 (full 0):
 garbage-first heap   total 479232K, used 236039K [0x000000070a200000, 0x0000000800000000)
  region size 2048K, 6 young (12288K), 6 survivors (12288K)
 Metaspace       used 85341K, committed 86144K, reserved 1179648K
  class space    used 8929K, committed 9344K, reserved 1048576K
}
Event: 27.358 GC heap before
{Heap before GC invocations=44 (full 0):
 garbage-first heap   total 479232K, used 385543K [0x000000070a200000, 0x0000000800000000)
  region size 2048K, 79 young (161792K), 6 survivors (12288K)
 Metaspace       used 85755K, committed 86528K, reserved 1179648K
  class space    used 8932K, committed 9344K, reserved 1048576K
}
Event: 27.367 GC heap after
{Heap after GC invocations=45 (full 0):
 garbage-first heap   total 479232K, used 242120K [0x000000070a200000, 0x0000000800000000)
  region size 2048K, 9 young (18432K), 9 survivors (18432K)
 Metaspace       used 85755K, committed 86528K, reserved 1179648K
  class space    used 8932K, committed 9344K, reserved 1048576K
}
Event: 29.057 GC heap before
{Heap before GC invocations=45 (full 0):
 garbage-first heap   total 479232K, used 389576K [0x000000070a200000, 0x0000000800000000)
  region size 2048K, 81 young (165888K), 9 survivors (18432K)
 Metaspace       used 91945K, committed 92864K, reserved 1179648K
  class space    used 9339K, committed 9792K, reserved 1048576K
}
Event: 29.069 GC heap after
{Heap after GC invocations=46 (full 0):
 garbage-first heap   total 479232K, used 251744K [0x000000070a200000, 0x0000000800000000)
  region size 2048K, 9 young (18432K), 9 survivors (18432K)
 Metaspace       used 91945K, committed 92864K, reserved 1179648K
  class space    used 9339K, committed 9792K, reserved 1048576K
}
Event: 30.063 GC heap before
{Heap before GC invocations=46 (full 0):
 garbage-first heap   total 479232K, used 393056K [0x000000070a200000, 0x0000000800000000)
  region size 2048K, 78 young (159744K), 9 survivors (18432K)
 Metaspace       used 92430K, committed 93312K, reserved 1179648K
  class space    used 9339K, committed 9792K, reserved 1048576K
}
Event: 30.074 GC heap after
{Heap after GC invocations=47 (full 0):
 garbage-first heap   total 479232K, used 261532K [0x000000070a200000, 0x0000000800000000)
  region size 2048K, 10 young (20480K), 10 survivors (20480K)
 Metaspace       used 92430K, committed 93312K, reserved 1179648K
  class space    used 9339K, committed 9792K, reserved 1048576K
}
Event: 30.992 GC heap before
{Heap before GC invocations=47 (full 0):
 garbage-first heap   total 479232K, used 396700K [0x000000070a200000, 0x0000000800000000)
  region size 2048K, 76 young (155648K), 10 survivors (20480K)
 Metaspace       used 92762K, committed 93632K, reserved 1179648K
  class space    used 9358K, committed 9792K, reserved 1048576K
}
Event: 31.002 GC heap after
{Heap after GC invocations=48 (full 0):
 garbage-first heap   total 479232K, used 272151K [0x000000070a200000, 0x0000000800000000)
  region size 2048K, 10 young (20480K), 10 survivors (20480K)
 Metaspace       used 92762K, committed 93632K, reserved 1179648K
  class space    used 9358K, committed 9792K, reserved 1048576K
}
Event: 31.903 GC heap before
{Heap before GC invocations=48 (full 0):
 garbage-first heap   total 479232K, used 401175K [0x000000070a200000, 0x0000000800000000)
  region size 2048K, 73 young (149504K), 10 survivors (20480K)
 Metaspace       used 92929K, committed 93824K, reserved 1179648K
  class space    used 9361K, committed 9792K, reserved 1048576K
}
Event: 31.914 GC heap after
{Heap after GC invocations=49 (full 0):
 garbage-first heap   total 479232K, used 282989K [0x000000070a200000, 0x0000000800000000)
  region size 2048K, 6 young (12288K), 6 survivors (12288K)
 Metaspace       used 92929K, committed 93824K, reserved 1179648K
  class space    used 9361K, committed 9792K, reserved 1048576K
}

