# JRE version: OpenJDK Runtime Environment (18.0.2+9) (build 18.0.2+9-61)
# Java VM: OpenJDK 64-Bit Server VM (18.0.2+9-61, mixed mode, sharing, tiered, compressed oops, compressed class ptrs, g1 gc, windows-amd64)
GC Precious Log:
 CardTable entry size: 512
 Card Set container configuration: InlinePtr #cards 5 size 8 Array Of Cards #cards 12 size 40 Howl #buckets 4 coarsen threshold 1843 Howl Bitmap #cards 512 size 80 coarsen threshold 460 Card regions per heap region 1 cards per card region 2048
 CPUs: 12 total, 12 available
 Memory: 15733M
 Large Page Support: Disabled
 NUMA Support: Disabled
 Compressed Oops: Enabled (32-bit)
 Heap Region Size: 1M
 Heap Min Capacity: 8M
 Heap Initial Capacity: 246M
 Heap Max Capacity: 2G
 Pre-touch: Disabled
 Parallel Workers: 10
 Concurrent Workers: 3
 Concurrent Refinement Workers: 10
 Periodic GC: Disabled
Heap:
 garbage-first heap   total 111616K, used 79337K [0x0000000080000000, 0x0000000100000000)
  region size 1024K, 29 young (29696K), 7 survivors (7168K)
 Metaspace       used 49289K, committed 50816K, reserved 1114112K
  class space    used 6687K, committed 7488K, reserved 1048576K
GC Heap History (20 events):
Event: 2.237 GC heap before
{Heap before GC invocations=2 (full 0):
 garbage-first heap   total 251904K, used 106586K [0x0000000080000000, 0x0000000100000000)
  region size 1024K, 96 young (98304K), 4 survivors (4096K)
 Metaspace       used 20804K, committed 21504K, reserved 1114112K
  class space    used 3098K, committed 3456K, reserved 1048576K
}
Event: 2.244 GC heap after
{Heap after GC invocations=3 (full 0):
 garbage-first heap   total 251904K, used 21101K [0x0000000080000000, 0x0000000100000000)
  region size 1024K, 12 young (12288K), 12 survivors (12288K)
 Metaspace       used 20804K, committed 21504K, reserved 1114112K
  class space    used 3098K, committed 3456K, reserved 1048576K
}
Event: 2.617 GC heap before
{Heap before GC invocations=4 (full 0):
 garbage-first heap   total 78848K, used 55917K [0x0000000080000000, 0x0000000100000000)
  region size 1024K, 46 young (47104K), 12 survivors (12288K)
 Metaspace       used 25860K, committed 26880K, reserved 1114112K
  class space    used 3931K, committed 4416K, reserved 1048576K
}
Event: 2.624 GC heap after
{Heap after GC invocations=5 (full 0):
 garbage-first heap   total 78848K, used 23654K [0x0000000080000000, 0x0000000100000000)
  region size 1024K, 3 young (3072K), 3 survivors (3072K)
 Metaspace       used 25860K, committed 26880K, reserved 1114112K
  class space    used 3931K, committed 4416K, reserved 1048576K
}
Event: 2.637 GC heap before
{Heap before GC invocations=5 (full 0):
 garbage-first heap   total 78848K, used 24678K [0x0000000080000000, 0x0000000100000000)
  region size 1024K, 4 young (4096K), 3 survivors (3072K)
 Metaspace       used 25975K, committed 27072K, reserved 1114112K
  class space    used 3951K, committed 4544K, reserved 1048576K
}
Event: 2.638 GC heap after
{Heap after GC invocations=6 (full 0):
 garbage-first heap   total 78848K, used 24284K [0x0000000080000000, 0x0000000100000000)
  region size 1024K, 1 young (1024K), 1 survivors (1024K)
 Metaspace       used 25975K, committed 27072K, reserved 1114112K
  class space    used 3951K, committed 4544K, reserved 1048576K
}
Event: 2.899 GC heap before
{Heap before GC invocations=6 (full 0):
 garbage-first heap   total 78848K, used 55004K [0x0000000080000000, 0x0000000100000000)
  region size 1024K, 32 young (32768K), 1 survivors (1024K)
 Metaspace       used 30880K, committed 31936K, reserved 1114112K
  class space    used 4411K, committed 4928K, reserved 1048576K
}
Event: 2.902 GC heap after
{Heap after GC invocations=7 (full 0):
 garbage-first heap   total 78848K, used 28226K [0x0000000080000000, 0x0000000100000000)
  region size 1024K, 4 young (4096K), 4 survivors (4096K)
 Metaspace       used 30880K, committed 31936K, reserved 1114112K
  class space    used 4411K, committed 4928K, reserved 1048576K
}
Event: 3.160 GC heap before
{Heap before GC invocations=7 (full 0):
 garbage-first heap   total 78848K, used 58946K [0x0000000080000000, 0x0000000100000000)
  region size 1024K, 32 young (32768K), 4 survivors (4096K)
 Metaspace       used 33459K, committed 34688K, reserved 1114112K
  class space    used 4688K, committed 5312K, reserved 1048576K
}
Event: 3.163 GC heap after
{Heap after GC invocations=8 (full 0):
 garbage-first heap   total 78848K, used 31174K [0x0000000080000000, 0x0000000100000000)
  region size 1024K, 4 young (4096K), 4 survivors (4096K)
 Metaspace       used 33459K, committed 34688K, reserved 1114112K
  class space    used 4688K, committed 5312K, reserved 1048576K
}
Event: 3.286 GC heap before
{Heap before GC invocations=8 (full 0):
 garbage-first heap   total 78848K, used 41414K [0x0000000080000000, 0x0000000100000000)
  region size 1024K, 15 young (15360K), 4 survivors (4096K)
 Metaspace       used 34739K, committed 35968K, reserved 1114112K
  class space    used 4885K, committed 5504K, reserved 1048576K
}
Event: 3.288 GC heap after
{Heap after GC invocations=9 (full 0):
 garbage-first heap   total 78848K, used 32733K [0x0000000080000000, 0x0000000100000000)
  region size 1024K, 2 young (2048K), 2 survivors (2048K)
 Metaspace       used 34739K, committed 35968K, reserved 1114112K
  class space    used 4885K, committed 5504K, reserved 1048576K
}
Event: 3.582 GC heap before
{Heap before GC invocations=10 (full 0):
 garbage-first heap   total 78848K, used 58333K [0x0000000080000000, 0x0000000100000000)
  region size 1024K, 27 young (27648K), 2 survivors (2048K)
 Metaspace       used 38302K, committed 39744K, reserved 1114112K
  class space    used 5354K, committed 6080K, reserved 1048576K
}
Event: 3.584 GC heap after
{Heap after GC invocations=11 (full 0):
 garbage-first heap   total 78848K, used 34787K [0x0000000080000000, 0x0000000100000000)
  region size 1024K, 4 young (4096K), 4 survivors (4096K)
 Metaspace       used 38302K, committed 39744K, reserved 1114112K
  class space    used 5354K, committed 6080K, reserved 1048576K
}
Event: 3.857 GC heap before
{Heap before GC invocations=11 (full 0):
 garbage-first heap   total 78848K, used 59363K [0x0000000080000000, 0x0000000100000000)
  region size 1024K, 28 young (28672K), 4 survivors (4096K)
 Metaspace       used 41155K, committed 42624K, reserved 1114112K
  class space    used 5775K, committed 6528K, reserved 1048576K
}
Event: 3.861 GC heap after
{Heap after GC invocations=12 (full 0):
 garbage-first heap   total 78848K, used 36460K [0x0000000080000000, 0x0000000100000000)
  region size 1024K, 2 young (2048K), 2 survivors (2048K)
 Metaspace       used 41155K, committed 42624K, reserved 1114112K
  class space    used 5775K, committed 6528K, reserved 1048576K
}
Event: 4.193 GC heap before
{Heap before GC invocations=12 (full 0):
 garbage-first heap   total 78848K, used 61036K [0x0000000080000000, 0x0000000100000000)
  region size 1024K, 26 young (26624K), 2 survivors (2048K)
 Metaspace       used 41978K, committed 43456K, reserved 1114112K
  class space    used 5848K, committed 6592K, reserved 1048576K
}
Event: 4.197 GC heap after
{Heap after GC invocations=13 (full 0):
 garbage-first heap   total 111616K, used 38611K [0x0000000080000000, 0x0000000100000000)
  region size 1024K, 4 young (4096K), 4 survivors (4096K)
 Metaspace       used 41978K, committed 43456K, reserved 1114112K
  class space    used 5848K, committed 6592K, reserved 1048576K
}
Event: 4.660 GC heap before
{Heap before GC invocations=13 (full 0):
 garbage-first heap   total 111616K, used 93907K [0x0000000080000000, 0x0000000100000000)
  region size 1024K, 50 young (51200K), 4 survivors (4096K)
 Metaspace       used 45663K, committed 47232K, reserved 1114112K
  class space    used 6309K, committed 7104K, reserved 1048576K
}
Event: 4.665 GC heap after
{Heap after GC invocations=14 (full 0):
 garbage-first heap   total 111616K, used 57833K [0x0000000080000000, 0x0000000100000000)
  region size 1024K, 7 young (7168K), 7 survivors (7168K)
 Metaspace       used 45663K, committed 47232K, reserved 1114112K
  class space    used 6309K, committed 7104K, reserved 1048576K
}

