# JRE version: OpenJDK Runtime Environment (18.0.2+9) (build 18.0.2+9-61)
# Java VM: OpenJDK 64-Bit Server VM (18.0.2+9-61, mixed mode, sharing, tiered, compressed oops, compressed class ptrs, g1 gc, windows-amd64)
GC Precious Log:
 CardTable entry size: 512
 Card Set container configuration: InlinePtr #cards 4 size 8 Array Of Cards #cards 16 size 48 Howl #buckets 8 coarsen threshold 3686 Howl Bitmap #cards 512 size 80 coarsen threshold 460 Card regions per heap region 1 cards per card region 4096
 CPUs: 12 total, 12 available
 Memory: 15733M
 Large Page Support: Disabled
 NUMA Support: Disabled
 Compressed Oops: Enabled (Zero based)
 Heap Region Size: 2M
 Heap Min Capacity: 8M
 Heap Initial Capacity: 246M
 Heap Max Capacity: 3934M
 Pre-touch: Disabled
 Parallel Workers: 10
 Concurrent Workers: 3
 Concurrent Refinement Workers: 10
 Periodic GC: Disabled
Heap:
 garbage-first heap   total 395264K, used 160381K [0x000000070a200000, 0x0000000800000000)
  region size 2048K, 10 young (20480K), 5 survivors (10240K)
 Metaspace       used 86422K, committed 87296K, reserved 1179648K
  class space    used 9099K, committed 9536K, reserved 1048576K
GC Heap History (20 events):
Event: 9.883 GC heap before
{Heap before GC invocations=28 (full 0):
 garbage-first heap   total 202752K, used 107483K [0x000000070a200000, 0x0000000800000000)
  region size 2048K, 5 young (10240K), 4 survivors (8192K)
 Metaspace       used 62397K, committed 63296K, reserved 1114112K
  class space    used 7012K, committed 7488K, reserved 1048576K
}
Event: 9.889 GC heap after
{Heap after GC invocations=29 (full 0):
 garbage-first heap   total 202752K, used 105840K [0x000000070a200000, 0x0000000800000000)
  region size 2048K, 1 young (2048K), 1 survivors (2048K)
 Metaspace       used 62397K, committed 63296K, reserved 1114112K
  class space    used 7012K, committed 7488K, reserved 1048576K
}
Event: 10.891 GC heap before
{Heap before GC invocations=29 (full 0):
 garbage-first heap   total 202752K, used 159088K [0x000000070a200000, 0x0000000800000000)
  region size 2048K, 27 young (55296K), 1 survivors (2048K)
 Metaspace       used 63570K, committed 64448K, reserved 1114112K
  class space    used 7179K, committed 7616K, reserved 1048576K
}
Event: 10.898 GC heap after
{Heap after GC invocations=30 (full 0):
 garbage-first heap   total 202752K, used 112781K [0x000000070a200000, 0x0000000800000000)
  region size 2048K, 4 young (8192K), 4 survivors (8192K)
 Metaspace       used 63570K, committed 64448K, reserved 1114112K
  class space    used 7179K, committed 7616K, reserved 1048576K
}
Event: 11.965 GC heap before
{Heap before GC invocations=31 (full 0):
 garbage-first heap   total 202752K, used 159885K [0x000000070a200000, 0x0000000800000000)
  region size 2048K, 27 young (55296K), 4 survivors (8192K)
 Metaspace       used 64000K, committed 64896K, reserved 1114112K
  class space    used 7203K, committed 7680K, reserved 1048576K
}
Event: 11.973 GC heap after
{Heap after GC invocations=32 (full 0):
 garbage-first heap   total 202752K, used 117124K [0x000000070a200000, 0x0000000800000000)
  region size 2048K, 3 young (6144K), 3 survivors (6144K)
 Metaspace       used 64000K, committed 64896K, reserved 1114112K
  class space    used 7203K, committed 7680K, reserved 1048576K
}
Event: 12.015 GC heap before
{Heap before GC invocations=32 (full 0):
 garbage-first heap   total 202752K, used 119172K [0x000000070a200000, 0x0000000800000000)
  region size 2048K, 4 young (8192K), 3 survivors (6144K)
 Metaspace       used 64042K, committed 64960K, reserved 1114112K
  class space    used 7203K, committed 7680K, reserved 1048576K
}
Event: 12.021 GC heap after
{Heap after GC invocations=33 (full 0):
 garbage-first heap   total 202752K, used 116791K [0x000000070a200000, 0x0000000800000000)
  region size 2048K, 1 young (2048K), 1 survivors (2048K)
 Metaspace       used 64042K, committed 64960K, reserved 1114112K
  class space    used 7203K, committed 7680K, reserved 1048576K
}
Event: 13.281 GC heap before
{Heap before GC invocations=33 (full 0):
 garbage-first heap   total 202752K, used 163895K [0x000000070a200000, 0x0000000800000000)
  region size 2048K, 24 young (49152K), 1 survivors (2048K)
 Metaspace       used 64235K, committed 65088K, reserved 1114112K
  class space    used 7208K, committed 7680K, reserved 1048576K
}
Event: 13.286 GC heap after
{Heap after GC invocations=34 (full 0):
 garbage-first heap   total 202752K, used 119688K [0x000000070a200000, 0x0000000800000000)
  region size 2048K, 2 young (4096K), 2 survivors (4096K)
 Metaspace       used 64235K, committed 65088K, reserved 1114112K
  class space    used 7208K, committed 7680K, reserved 1048576K
}
Event: 14.052 GC heap before
{Heap before GC invocations=35 (full 0):
 garbage-first heap   total 208896K, used 164744K [0x000000070a200000, 0x0000000800000000)
  region size 2048K, 24 young (49152K), 2 survivors (4096K)
 Metaspace       used 65168K, committed 66048K, reserved 1114112K
  class space    used 7287K, committed 7744K, reserved 1048576K
}
Event: 14.059 GC heap after
{Heap after GC invocations=36 (full 0):
 garbage-first heap   total 208896K, used 122450K [0x000000070a200000, 0x0000000800000000)
  region size 2048K, 2 young (4096K), 2 survivors (4096K)
 Metaspace       used 65168K, committed 66048K, reserved 1114112K
  class space    used 7287K, committed 7744K, reserved 1048576K
}
Event: 14.105 GC heap before
{Heap before GC invocations=36 (full 0):
 garbage-first heap   total 208896K, used 128594K [0x000000070a200000, 0x0000000800000000)
  region size 2048K, 5 young (10240K), 2 survivors (4096K)
 Metaspace       used 65194K, committed 66048K, reserved 1114112K
  class space    used 7288K, committed 7744K, reserved 1048576K
}
Event: 14.109 GC heap after
{Heap after GC invocations=37 (full 0):
 garbage-first heap   total 208896K, used 122583K [0x000000070a200000, 0x0000000800000000)
  region size 2048K, 1 young (2048K), 1 survivors (2048K)
 Metaspace       used 65194K, committed 66048K, reserved 1114112K
  class space    used 7288K, committed 7744K, reserved 1048576K
}
Event: 14.613 GC heap before
{Heap before GC invocations=37 (full 0):
 garbage-first heap   total 208896K, used 167639K [0x000000070a200000, 0x0000000800000000)
  region size 2048K, 24 young (49152K), 1 survivors (2048K)
 Metaspace       used 65975K, committed 66816K, reserved 1114112K
  class space    used 7311K, committed 7744K, reserved 1048576K
}
Event: 14.617 GC heap after
{Heap after GC invocations=38 (full 0):
 garbage-first heap   total 395264K, used 125120K [0x000000070a200000, 0x0000000800000000)
  region size 2048K, 2 young (4096K), 2 survivors (4096K)
 Metaspace       used 65975K, committed 66816K, reserved 1114112K
  class space    used 7311K, committed 7744K, reserved 1048576K
}
Event: 17.124 GC heap before
{Heap before GC invocations=38 (full 0):
 garbage-first heap   total 395264K, used 307392K [0x000000070a200000, 0x0000000800000000)
  region size 2048K, 91 young (186368K), 2 survivors (4096K)
 Metaspace       used 82275K, committed 83136K, reserved 1179648K
  class space    used 8853K, committed 9280K, reserved 1048576K
}
Event: 17.137 GC heap after
{Heap after GC invocations=39 (full 0):
 garbage-first heap   total 395264K, used 143340K [0x000000070a200000, 0x0000000800000000)
  region size 2048K, 11 young (22528K), 11 survivors (22528K)
 Metaspace       used 82275K, committed 83136K, reserved 1179648K
  class space    used 8853K, committed 9280K, reserved 1048576K
}
Event: 18.156 GC heap before
{Heap before GC invocations=39 (full 0):
 garbage-first heap   total 395264K, used 284652K [0x000000070a200000, 0x0000000800000000)
  region size 2048K, 80 young (163840K), 11 survivors (22528K)
 Metaspace       used 84989K, committed 85824K, reserved 1179648K
  class space    used 8985K, committed 9408K, reserved 1048576K
}
Event: 18.169 GC heap after
{Heap after GC invocations=40 (full 0):
 garbage-first heap   total 395264K, used 152189K [0x000000070a200000, 0x0000000800000000)
  region size 2048K, 5 young (10240K), 5 survivors (10240K)
 Metaspace       used 84989K, committed 85824K, reserved 1179648K
  class space    used 8985K, committed 9408K, reserved 1048576K
}

