# JRE version: OpenJDK Runtime Environment (18.0.2+9) (build 18.0.2+9-61)
# Java VM: OpenJDK 64-Bit Server VM (18.0.2+9-61, mixed mode, sharing, tiered, compressed oops, compressed class ptrs, g1 gc, windows-amd64)
GC Precious Log:
 CardTable entry size: 512
 Card Set container configuration: InlinePtr #cards 4 size 8 Array Of Cards #cards 16 size 48 Howl #buckets 8 coarsen threshold 3686 Howl Bitmap #cards 512 size 80 coarsen threshold 460 Card regions per heap region 1 cards per card region 4096
 CPUs: 12 total, 12 available
 Memory: 15733M
 Large Page Support: Disabled
 NUMA Support: Disabled
 Compressed Oops: Enabled (Zero based)
 Heap Region Size: 2M
 Heap Min Capacity: 8M
 Heap Initial Capacity: 246M
 Heap Max Capacity: 3934M
 Pre-touch: Disabled
 Parallel Workers: 10
 Concurrent Workers: 3
 Concurrent Refinement Workers: 10
 Periodic GC: Disabled
Heap:
 garbage-first heap   total 460800K, used 289003K [0x000000070a200000, 0x0000000800000000)
  region size 2048K, 47 young (96256K), 12 survivors (24576K)
 Metaspace       used 83543K, committed 84416K, reserved 1179648K
  class space    used 8898K, committed 9344K, reserved 1048576K
GC Heap History (20 events):
Event: 9.601 GC heap before
{Heap before GC invocations=31 (full 0):
 garbage-first heap   total 225280K, used 128477K [0x000000070a200000, 0x0000000800000000)
  region size 2048K, 5 young (10240K), 3 survivors (6144K)
 Metaspace       used 60595K, committed 61504K, reserved 1114112K
  class space    used 6966K, committed 7424K, reserved 1048576K
}
Event: 9.606 GC heap after
{Heap after GC invocations=32 (full 0):
 garbage-first heap   total 225280K, used 125166K [0x000000070a200000, 0x0000000800000000)
  region size 2048K, 1 young (2048K), 1 survivors (2048K)
 Metaspace       used 60595K, committed 61504K, reserved 1114112K
  class space    used 6966K, committed 7424K, reserved 1048576K
}
Event: 10.500 GC heap before
{Heap before GC invocations=32 (full 0):
 garbage-first heap   total 225280K, used 178414K [0x000000070a200000, 0x0000000800000000)
  region size 2048K, 27 young (55296K), 1 survivors (2048K)
 Metaspace       used 61456K, committed 62272K, reserved 1114112K
  class space    used 7000K, committed 7424K, reserved 1048576K
}
Event: 10.504 GC heap after
{Heap after GC invocations=33 (full 0):
 garbage-first heap   total 225280K, used 128227K [0x000000070a200000, 0x0000000800000000)
  region size 2048K, 2 young (4096K), 2 survivors (4096K)
 Metaspace       used 61456K, committed 62272K, reserved 1114112K
  class space    used 7000K, committed 7424K, reserved 1048576K
}
Event: 11.581 GC heap before
{Heap before GC invocations=34 (full 0):
 garbage-first heap   total 225280K, used 179427K [0x000000070a200000, 0x0000000800000000)
  region size 2048K, 28 young (57344K), 2 survivors (4096K)
 Metaspace       used 63064K, committed 64000K, reserved 1114112K
  class space    used 7125K, committed 7616K, reserved 1048576K
}
Event: 11.589 GC heap after
{Heap after GC invocations=35 (full 0):
 garbage-first heap   total 225280K, used 133192K [0x000000070a200000, 0x0000000800000000)
  region size 2048K, 4 young (8192K), 4 survivors (8192K)
 Metaspace       used 63064K, committed 64000K, reserved 1114112K
  class space    used 7125K, committed 7616K, reserved 1048576K
}
Event: 11.638 GC heap before
{Heap before GC invocations=35 (full 0):
 garbage-first heap   total 225280K, used 135240K [0x000000070a200000, 0x0000000800000000)
  region size 2048K, 5 young (10240K), 4 survivors (8192K)
 Metaspace       used 63156K, committed 64064K, reserved 1114112K
  class space    used 7125K, committed 7616K, reserved 1048576K
}
Event: 11.645 GC heap after
{Heap after GC invocations=36 (full 0):
 garbage-first heap   total 225280K, used 133801K [0x000000070a200000, 0x0000000800000000)
  region size 2048K, 1 young (2048K), 1 survivors (2048K)
 Metaspace       used 63156K, committed 64064K, reserved 1114112K
  class space    used 7125K, committed 7616K, reserved 1048576K
}
Event: 12.771 GC heap before
{Heap before GC invocations=36 (full 0):
 garbage-first heap   total 225280K, used 182953K [0x000000070a200000, 0x0000000800000000)
  region size 2048K, 25 young (51200K), 1 survivors (2048K)
 Metaspace       used 63813K, committed 64640K, reserved 1114112K
  class space    used 7156K, committed 7616K, reserved 1048576K
}
Event: 12.777 GC heap after
{Heap after GC invocations=37 (full 0):
 garbage-first heap   total 460800K, used 137330K [0x000000070a200000, 0x0000000800000000)
  region size 2048K, 3 young (6144K), 3 survivors (6144K)
 Metaspace       used 63813K, committed 64640K, reserved 1114112K
  class space    used 7156K, committed 7616K, reserved 1048576K
}
Event: 18.334 GC heap before
{Heap before GC invocations=38 (full 0):
 garbage-first heap   total 460800K, used 356466K [0x000000070a200000, 0x0000000800000000)
  region size 2048K, 105 young (215040K), 3 survivors (6144K)
 Metaspace       used 65138K, committed 65984K, reserved 1114112K
  class space    used 7236K, committed 7680K, reserved 1048576K
}
Event: 18.354 GC heap after
{Heap after GC invocations=39 (full 0):
 garbage-first heap   total 460800K, used 167976K [0x000000070a200000, 0x0000000800000000)
  region size 2048K, 13 young (26624K), 13 survivors (26624K)
 Metaspace       used 65138K, committed 65984K, reserved 1114112K
  class space    used 7236K, committed 7680K, reserved 1048576K
}
Event: 18.405 GC heap before
{Heap before GC invocations=39 (full 0):
 garbage-first heap   total 460800K, used 170024K [0x000000070a200000, 0x0000000800000000)
  region size 2048K, 14 young (28672K), 13 survivors (26624K)
 Metaspace       used 65141K, committed 65984K, reserved 1114112K
  class space    used 7236K, committed 7680K, reserved 1048576K
}
Event: 18.420 GC heap after
{Heap after GC invocations=40 (full 0):
 garbage-first heap   total 460800K, used 168934K [0x000000070a200000, 0x0000000800000000)
  region size 2048K, 2 young (4096K), 2 survivors (4096K)
 Metaspace       used 65141K, committed 65984K, reserved 1114112K
  class space    used 7236K, committed 7680K, reserved 1048576K
}
Event: 21.389 GC heap before
{Heap before GC invocations=40 (full 0):
 garbage-first heap   total 460800K, used 345062K [0x000000070a200000, 0x0000000800000000)
  region size 2048K, 88 young (180224K), 2 survivors (4096K)
 Metaspace       used 65868K, committed 66752K, reserved 1114112K
  class space    used 7274K, committed 7744K, reserved 1048576K
}
Event: 21.398 GC heap after
{Heap after GC invocations=41 (full 0):
 garbage-first heap   total 460800K, used 182044K [0x000000070a200000, 0x0000000800000000)
  region size 2048K, 8 young (16384K), 8 survivors (16384K)
 Metaspace       used 65868K, committed 66752K, reserved 1114112K
  class space    used 7274K, committed 7744K, reserved 1048576K
}
Event: 22.916 GC heap before
{Heap before GC invocations=41 (full 0):
 garbage-first heap   total 460800K, used 354076K [0x000000070a200000, 0x0000000800000000)
  region size 2048K, 92 young (188416K), 8 survivors (16384K)
 Metaspace       used 67400K, committed 68288K, reserved 1114112K
  class space    used 7352K, committed 7808K, reserved 1048576K
}
Event: 22.926 GC heap after
{Heap after GC invocations=42 (full 0):
 garbage-first heap   total 460800K, used 187917K [0x000000070a200000, 0x0000000800000000)
  region size 2048K, 4 young (8192K), 4 survivors (8192K)
 Metaspace       used 67400K, committed 68288K, reserved 1114112K
  class space    used 7352K, committed 7808K, reserved 1048576K
}
Event: 25.063 GC heap before
{Heap before GC invocations=42 (full 0):
 garbage-first heap   total 460800K, used 366093K [0x000000070a200000, 0x0000000800000000)
  region size 2048K, 91 young (186368K), 4 survivors (8192K)
 Metaspace       used 74638K, committed 75520K, reserved 1179648K
  class space    used 7984K, committed 8448K, reserved 1048576K
}
Event: 25.084 GC heap after
{Heap after GC invocations=43 (full 0):
 garbage-first heap   total 460800K, used 219371K [0x000000070a200000, 0x0000000800000000)
  region size 2048K, 12 young (24576K), 12 survivors (24576K)
 Metaspace       used 74638K, committed 75520K, reserved 1179648K
  class space    used 7984K, committed 8448K, reserved 1048576K
}

