# JRE version: OpenJDK Runtime Environment (18.0.2+9) (build 18.0.2+9-61)
# Java VM: OpenJDK 64-Bit Server VM (18.0.2+9-61, mixed mode, sharing, tiered, compressed oops, compressed class ptrs, g1 gc, windows-amd64)
GC Precious Log:
 CardTable entry size: 512
 Card Set container configuration: InlinePtr #cards 5 size 8 Array Of Cards #cards 12 size 40 Howl #buckets 4 coarsen threshold 1843 Howl Bitmap #cards 512 size 80 coarsen threshold 460 Card regions per heap region 1 cards per card region 2048
 CPUs: 12 total, 12 available
 Memory: 15733M
 Large Page Support: Disabled
 NUMA Support: Disabled
 Compressed Oops: Enabled (32-bit)
 Heap Region Size: 1M
 Heap Min Capacity: 8M
 Heap Initial Capacity: 246M
 Heap Max Capacity: 2G
 Pre-touch: Disabled
 Parallel Workers: 10
 Concurrent Workers: 3
 Concurrent Refinement Workers: 10
 Periodic GC: Disabled
Heap:
 garbage-first heap   total 455680K, used 236100K [0x0000000080000000, 0x0000000100000000)
  region size 1024K, 2 young (2048K), 2 survivors (2048K)
 Metaspace       used 112009K, committed 114304K, reserved 1179648K
  class space    used 14622K, committed 15808K, reserved 1048576K
GC Heap History (20 events):
Event: 332.325 GC heap after
{Heap after GC invocations=66 (full 0):
 garbage-first heap   total 382976K, used 284940K [0x0000000080000000, 0x0000000100000000)
  region size 1024K, 3 young (3072K), 3 survivors (3072K)
 Metaspace       used 111180K, committed 113536K, reserved 1179648K
  class space    used 14614K, committed 15808K, reserved 1048576K
}
Event: 398.345 GC heap before
{Heap before GC invocations=67 (full 0):
 garbage-first heap   total 454656K, used 316684K [0x0000000080000000, 0x0000000100000000)
  region size 1024K, 51 young (52224K), 3 survivors (3072K)
 Metaspace       used 111314K, committed 113600K, reserved 1179648K
  class space    used 14615K, committed 15808K, reserved 1048576K
}
Event: 398.349 GC heap after
{Heap after GC invocations=68 (full 0):
 garbage-first heap   total 454656K, used 241282K [0x0000000080000000, 0x0000000100000000)
  region size 1024K, 7 young (7168K), 7 survivors (7168K)
 Metaspace       used 111314K, committed 113600K, reserved 1179648K
  class space    used 14615K, committed 15808K, reserved 1048576K
}
Event: 398.496 GC heap before
{Heap before GC invocations=68 (full 0):
 garbage-first heap   total 454656K, used 256642K [0x0000000080000000, 0x0000000100000000)
  region size 1024K, 22 young (22528K), 7 survivors (7168K)
 Metaspace       used 111422K, committed 113728K, reserved 1179648K
  class space    used 14616K, committed 15808K, reserved 1048576K
}
Event: 398.506 GC heap after
{Heap after GC invocations=69 (full 0):
 garbage-first heap   total 454656K, used 207588K [0x0000000080000000, 0x0000000100000000)
  region size 1024K, 3 young (3072K), 3 survivors (3072K)
 Metaspace       used 111422K, committed 113728K, reserved 1179648K
  class space    used 14616K, committed 15808K, reserved 1048576K
}
Event: 398.654 GC heap before
{Heap before GC invocations=69 (full 0):
 garbage-first heap   total 454656K, used 226020K [0x0000000080000000, 0x0000000100000000)
  region size 1024K, 22 young (22528K), 3 survivors (3072K)
 Metaspace       used 111447K, committed 113728K, reserved 1179648K
  class space    used 14617K, committed 15808K, reserved 1048576K
}
Event: 398.662 GC heap after
{Heap after GC invocations=70 (full 0):
 garbage-first heap   total 454656K, used 208552K [0x0000000080000000, 0x0000000100000000)
  region size 1024K, 3 young (3072K), 3 survivors (3072K)
 Metaspace       used 111447K, committed 113728K, reserved 1179648K
  class space    used 14617K, committed 15808K, reserved 1048576K
}
Event: 398.719 GC heap before
{Heap before GC invocations=70 (full 0):
 garbage-first heap   total 454656K, used 223912K [0x0000000080000000, 0x0000000100000000)
  region size 1024K, 19 young (19456K), 3 survivors (3072K)
 Metaspace       used 111467K, committed 113728K, reserved 1179648K
  class space    used 14617K, committed 15808K, reserved 1048576K
}
Event: 398.722 GC heap after
{Heap after GC invocations=71 (full 0):
 garbage-first heap   total 454656K, used 210387K [0x0000000080000000, 0x0000000100000000)
  region size 1024K, 5 young (5120K), 5 survivors (5120K)
 Metaspace       used 111467K, committed 113728K, reserved 1179648K
  class space    used 14617K, committed 15808K, reserved 1048576K
}
Event: 400.074 GC heap before
{Heap before GC invocations=72 (full 0):
 garbage-first heap   total 454656K, used 373203K [0x0000000080000000, 0x0000000100000000)
  region size 1024K, 137 young (140288K), 5 survivors (5120K)
 Metaspace       used 111634K, committed 113984K, reserved 1179648K
  class space    used 14617K, committed 15808K, reserved 1048576K
}
Event: 400.082 GC heap after
{Heap after GC invocations=73 (full 0):
 garbage-first heap   total 454656K, used 211481K [0x0000000080000000, 0x0000000100000000)
  region size 1024K, 13 young (13312K), 13 survivors (13312K)
 Metaspace       used 111634K, committed 113984K, reserved 1179648K
  class space    used 14617K, committed 15808K, reserved 1048576K
}
Event: 400.099 GC heap before
{Heap before GC invocations=73 (full 0):
 garbage-first heap   total 454656K, used 220697K [0x0000000080000000, 0x0000000100000000)
  region size 1024K, 22 young (22528K), 13 survivors (13312K)
 Metaspace       used 111643K, committed 113984K, reserved 1179648K
  class space    used 14617K, committed 15808K, reserved 1048576K
}
Event: 400.108 GC heap after
{Heap after GC invocations=74 (full 0):
 garbage-first heap   total 454656K, used 196525K [0x0000000080000000, 0x0000000100000000)
  region size 1024K, 3 young (3072K), 3 survivors (3072K)
 Metaspace       used 111643K, committed 113984K, reserved 1179648K
  class space    used 14617K, committed 15808K, reserved 1048576K
}
Event: 401.810 GC heap before
{Heap before GC invocations=74 (full 0):
 garbage-first heap   total 454656K, used 311213K [0x0000000080000000, 0x0000000100000000)
  region size 1024K, 117 young (119808K), 3 survivors (3072K)
 Metaspace       used 111712K, committed 114048K, reserved 1179648K
  class space    used 14618K, committed 15808K, reserved 1048576K
}
Event: 401.813 GC heap after
{Heap after GC invocations=75 (full 0):
 garbage-first heap   total 454656K, used 199162K [0x0000000080000000, 0x0000000100000000)
  region size 1024K, 6 young (6144K), 6 survivors (6144K)
 Metaspace       used 111712K, committed 114048K, reserved 1179648K
  class space    used 14618K, committed 15808K, reserved 1048576K
}
Event: 421.916 GC heap before
{Heap before GC invocations=76 (full 0):
 garbage-first heap   total 454656K, used 409082K [0x0000000080000000, 0x0000000100000000)
  region size 1024K, 164 young (167936K), 6 survivors (6144K)
 Metaspace       used 112005K, committed 114304K, reserved 1179648K
  class space    used 14622K, committed 15808K, reserved 1048576K
}
Event: 421.938 GC heap after
{Heap after GC invocations=77 (full 0):
 garbage-first heap   total 455680K, used 246306K [0x0000000080000000, 0x0000000100000000)
  region size 1024K, 21 young (21504K), 21 survivors (21504K)
 Metaspace       used 112005K, committed 114304K, reserved 1179648K
  class space    used 14622K, committed 15808K, reserved 1048576K
}
Event: 421.954 GC heap before
{Heap before GC invocations=77 (full 0):
 garbage-first heap   total 455680K, used 260642K [0x0000000080000000, 0x0000000100000000)
  region size 1024K, 22 young (22528K), 21 survivors (21504K)
 Metaspace       used 112005K, committed 114304K, reserved 1179648K
  class space    used 14622K, committed 15808K, reserved 1048576K
}
Event: 421.970 GC heap after
{Heap after GC invocations=78 (full 0):
 garbage-first heap   total 455680K, used 237554K [0x0000000080000000, 0x0000000100000000)
  region size 1024K, 3 young (3072K), 3 survivors (3072K)
 Metaspace       used 112005K, committed 114304K, reserved 1179648K
  class space    used 14622K, committed 15808K, reserved 1048576K
}
Event: 421.995 GC heap before
{Heap before GC invocations=78 (full 0):
 garbage-first heap   total 455680K, used 239602K [0x0000000080000000, 0x0000000100000000)
  region size 1024K, 7 young (7168K), 3 survivors (3072K)
 Metaspace       used 112009K, committed 114304K, reserved 1179648K
  class space    used 14622K, committed 15808K, reserved 1048576K
}

