# JRE version: OpenJDK Runtime Environment (18.0.2+9) (build 18.0.2+9-61)
# Java VM: OpenJDK 64-Bit Server VM (18.0.2+9-61, mixed mode, sharing, tiered, compressed oops, compressed class ptrs, g1 gc, windows-amd64)
GC Precious Log:
 CardTable entry size: 512
 Card Set container configuration: InlinePtr #cards 5 size 8 Array Of Cards #cards 12 size 40 Howl #buckets 4 coarsen threshold 1843 Howl Bitmap #cards 512 size 80 coarsen threshold 460 Card regions per heap region 1 cards per card region 2048
 CPUs: 12 total, 12 available
 Memory: 15733M
 Large Page Support: Disabled
 NUMA Support: Disabled
 Compressed Oops: Enabled (32-bit)
 Heap Region Size: 1M
 Heap Min Capacity: 8M
 Heap Initial Capacity: 246M
 Heap Max Capacity: 2G
 Pre-touch: Disabled
 Parallel Workers: 10
 Concurrent Workers: 3
 Concurrent Refinement Workers: 10
 Periodic GC: Disabled
Heap:
 garbage-first heap   total 353280K, used 276173K [0x0000000080000000, 0x0000000100000000)
  region size 1024K, 34 young (34816K), 2 survivors (2048K)
 Metaspace       used 128525K, committed 131072K, reserved 1179648K
  class space    used 16839K, committed 18176K, reserved 1048576K
GC Heap History (20 events):
Event: 32.228 GC heap before
{Heap before GC invocations=64 (full 0):
 garbage-first heap   total 293888K, used 256465K [0x0000000080000000, 0x0000000100000000)
  region size 1024K, 47 young (48128K), 5 survivors (5120K)
 Metaspace       used 121780K, committed 124224K, reserved 1179648K
  class space    used 16197K, committed 17472K, reserved 1048576K
}
Event: 32.232 GC heap after
{Heap after GC invocations=65 (full 0):
 garbage-first heap   total 293888K, used 216768K [0x0000000080000000, 0x0000000100000000)
  region size 1024K, 6 young (6144K), 6 survivors (6144K)
 Metaspace       used 121780K, committed 124224K, reserved 1179648K
  class space    used 16197K, committed 17472K, reserved 1048576K
}
Event: 32.634 GC heap before
{Heap before GC invocations=65 (full 0):
 garbage-first heap   total 293888K, used 254656K [0x0000000080000000, 0x0000000100000000)
  region size 1024K, 44 young (45056K), 6 survivors (6144K)
 Metaspace       used 125177K, committed 127616K, reserved 1179648K
  class space    used 16634K, committed 17920K, reserved 1048576K
}
Event: 32.638 GC heap after
{Heap after GC invocations=66 (full 0):
 garbage-first heap   total 293888K, used 219701K [0x0000000080000000, 0x0000000100000000)
  region size 1024K, 6 young (6144K), 6 survivors (6144K)
 Metaspace       used 125177K, committed 127616K, reserved 1179648K
  class space    used 16634K, committed 17920K, reserved 1048576K
}
Event: 404.541 GC heap before
{Heap before GC invocations=66 (full 0):
 garbage-first heap   total 293888K, used 254517K [0x0000000080000000, 0x0000000100000000)
  region size 1024K, 41 young (41984K), 6 survivors (6144K)
 Metaspace       used 127825K, committed 130304K, reserved 1179648K
  class space    used 16817K, committed 18112K, reserved 1048576K
}
Event: 404.548 GC heap after
{Heap after GC invocations=67 (full 0):
 garbage-first heap   total 293888K, used 221344K [0x0000000080000000, 0x0000000100000000)
  region size 1024K, 5 young (5120K), 5 survivors (5120K)
 Metaspace       used 127825K, committed 130304K, reserved 1179648K
  class space    used 16817K, committed 18112K, reserved 1048576K
}
Event: 405.451 GC heap before
{Heap before GC invocations=67 (full 0):
 garbage-first heap   total 293888K, used 255136K [0x0000000080000000, 0x0000000100000000)
  region size 1024K, 39 young (39936K), 5 survivors (5120K)
 Metaspace       used 128108K, committed 130624K, reserved 1179648K
  class space    used 16838K, committed 18176K, reserved 1048576K
}
Event: 405.463 GC heap after
{Heap after GC invocations=68 (full 0):
 garbage-first heap   total 293888K, used 225273K [0x0000000080000000, 0x0000000100000000)
  region size 1024K, 5 young (5120K), 5 survivors (5120K)
 Metaspace       used 128108K, committed 130624K, reserved 1179648K
  class space    used 16838K, committed 18176K, reserved 1048576K
}
Event: 406.235 GC heap before
{Heap before GC invocations=68 (full 0):
 garbage-first heap   total 293888K, used 254969K [0x0000000080000000, 0x0000000100000000)
  region size 1024K, 35 young (35840K), 5 survivors (5120K)
 Metaspace       used 128322K, committed 130880K, reserved 1179648K
  class space    used 16838K, committed 18176K, reserved 1048576K
}
Event: 406.242 GC heap after
{Heap after GC invocations=69 (full 0):
 garbage-first heap   total 293888K, used 229130K [0x0000000080000000, 0x0000000100000000)
  region size 1024K, 4 young (4096K), 4 survivors (4096K)
 Metaspace       used 128322K, committed 130880K, reserved 1179648K
  class space    used 16838K, committed 18176K, reserved 1048576K
}
Event: 406.521 GC heap before
{Heap before GC invocations=69 (full 0):
 garbage-first heap   total 293888K, used 255754K [0x0000000080000000, 0x0000000100000000)
  region size 1024K, 30 young (30720K), 4 survivors (4096K)
 Metaspace       used 128346K, committed 130944K, reserved 1179648K
  class space    used 16839K, committed 18176K, reserved 1048576K
}
Event: 406.529 GC heap after
{Heap after GC invocations=70 (full 0):
 garbage-first heap   total 293888K, used 233119K [0x0000000080000000, 0x0000000100000000)
  region size 1024K, 4 young (4096K), 4 survivors (4096K)
 Metaspace       used 128346K, committed 130944K, reserved 1179648K
  class space    used 16839K, committed 18176K, reserved 1048576K
}
Event: 406.682 GC heap before
{Heap before GC invocations=70 (full 0):
 garbage-first heap   total 293888K, used 255647K [0x0000000080000000, 0x0000000100000000)
  region size 1024K, 27 young (27648K), 4 survivors (4096K)
 Metaspace       used 128355K, committed 130944K, reserved 1179648K
  class space    used 16839K, committed 18176K, reserved 1048576K
}
Event: 406.686 GC heap after
{Heap after GC invocations=71 (full 0):
 garbage-first heap   total 293888K, used 236871K [0x0000000080000000, 0x0000000100000000)
  region size 1024K, 4 young (4096K), 4 survivors (4096K)
 Metaspace       used 128355K, committed 130944K, reserved 1179648K
  class space    used 16839K, committed 18176K, reserved 1048576K
}
Event: 406.814 GC heap before
{Heap before GC invocations=71 (full 0):
 garbage-first heap   total 293888K, used 255303K [0x0000000080000000, 0x0000000100000000)
  region size 1024K, 23 young (23552K), 4 survivors (4096K)
 Metaspace       used 128429K, committed 131008K, reserved 1179648K
  class space    used 16839K, committed 18176K, reserved 1048576K
}
Event: 406.817 GC heap after
{Heap after GC invocations=72 (full 0):
 garbage-first heap   total 293888K, used 240613K [0x0000000080000000, 0x0000000100000000)
  region size 1024K, 3 young (3072K), 3 survivors (3072K)
 Metaspace       used 128429K, committed 131008K, reserved 1179648K
  class space    used 16839K, committed 18176K, reserved 1048576K
}
Event: 406.919 GC heap before
{Heap before GC invocations=72 (full 0):
 garbage-first heap   total 293888K, used 255973K [0x0000000080000000, 0x0000000100000000)
  region size 1024K, 18 young (18432K), 3 survivors (3072K)
 Metaspace       used 128472K, committed 131008K, reserved 1179648K
  class space    used 16839K, committed 18176K, reserved 1048576K
}
Event: 406.924 GC heap after
{Heap after GC invocations=73 (full 0):
 garbage-first heap   total 293888K, used 244034K [0x0000000080000000, 0x0000000100000000)
  region size 1024K, 3 young (3072K), 3 survivors (3072K)
 Metaspace       used 128472K, committed 131008K, reserved 1179648K
  class space    used 16839K, committed 18176K, reserved 1048576K
}
Event: 406.993 GC heap before
{Heap before GC invocations=73 (full 0):
 garbage-first heap   total 293888K, used 256322K [0x0000000080000000, 0x0000000100000000)
  region size 1024K, 15 young (15360K), 3 survivors (3072K)
 Metaspace       used 128490K, committed 131008K, reserved 1179648K
  class space    used 16839K, committed 18176K, reserved 1048576K
}
Event: 406.999 GC heap after
{Heap after GC invocations=74 (full 0):
 garbage-first heap   total 353280K, used 245453K [0x0000000080000000, 0x0000000100000000)
  region size 1024K, 2 young (2048K), 2 survivors (2048K)
 Metaspace       used 128490K, committed 131008K, reserved 1179648K
  class space    used 16839K, committed 18176K, reserved 1048576K
}

