# JRE version: OpenJDK Runtime Environment (18.0.2+9) (build 18.0.2+9-61)
# Java VM: OpenJDK 64-Bit Server VM (18.0.2+9-61, mixed mode, sharing, tiered, compressed oops, compressed class ptrs, g1 gc, windows-amd64)
GC Precious Log:
 CardTable entry size: 512
 Card Set container configuration: InlinePtr #cards 4 size 8 Array Of Cards #cards 16 size 48 Howl #buckets 8 coarsen threshold 3686 Howl Bitmap #cards 512 size 80 coarsen threshold 460 Card regions per heap region 1 cards per card region 4096
 CPUs: 12 total, 12 available
 Memory: 15733M
 Large Page Support: Disabled
 NUMA Support: Disabled
 Compressed Oops: Enabled (Zero based)
 Heap Region Size: 2M
 Heap Min Capacity: 8M
 Heap Initial Capacity: 246M
 Heap Max Capacity: 3934M
 Pre-touch: Disabled
 Parallel Workers: 10
 Concurrent Workers: 3
 Concurrent Refinement Workers: 10
 Periodic GC: Disabled
Heap:
 garbage-first heap   total 368640K, used 219343K [0x000000070a200000, 0x0000000800000000)
  region size 2048K, 46 young (94208K), 9 survivors (18432K)
 Metaspace       used 69534K, committed 70336K, reserved 1114112K
  class space    used 7591K, committed 8000K, reserved 1048576K
GC Heap History (20 events):
Event: 3.937 GC heap before
{Heap before GC invocations=12 (full 0):
 garbage-first heap   total 110592K, used 83143K [0x000000070a200000, 0x0000000800000000)
  region size 2048K, 15 young (30720K), 3 survivors (6144K)
 Metaspace       used 48498K, committed 49216K, reserved 1114112K
  class space    used 5884K, committed 6272K, reserved 1048576K
}
Event: 3.947 GC heap after
{Heap after GC invocations=13 (full 0):
 garbage-first heap   total 110592K, used 62868K [0x000000070a200000, 0x0000000800000000)
  region size 2048K, 2 young (4096K), 2 survivors (4096K)
 Metaspace       used 48498K, committed 49216K, reserved 1114112K
  class space    used 5884K, committed 6272K, reserved 1048576K
}
Event: 4.084 GC heap before
{Heap before GC invocations=14 (full 0):
 garbage-first heap   total 126976K, used 85396K [0x000000070a200000, 0x0000000800000000)
  region size 2048K, 13 young (26624K), 2 survivors (4096K)
 Metaspace       used 48602K, committed 49344K, reserved 1114112K
  class space    used 5886K, committed 6272K, reserved 1048576K
}
Event: 4.092 GC heap after
{Heap after GC invocations=15 (full 0):
 garbage-first heap   total 126976K, used 65165K [0x000000070a200000, 0x0000000800000000)
  region size 2048K, 1 young (2048K), 1 survivors (2048K)
 Metaspace       used 48602K, committed 49344K, reserved 1114112K
  class space    used 5886K, committed 6272K, reserved 1048576K
}
Event: 4.099 GC heap before
{Heap before GC invocations=15 (full 0):
 garbage-first heap   total 126976K, used 65165K [0x000000070a200000, 0x0000000800000000)
  region size 2048K, 2 young (4096K), 1 survivors (2048K)
 Metaspace       used 48619K, committed 49344K, reserved 1114112K
  class space    used 5886K, committed 6272K, reserved 1048576K
}
Event: 4.103 GC heap after
{Heap after GC invocations=16 (full 0):
 garbage-first heap   total 184320K, used 65165K [0x000000070a200000, 0x0000000800000000)
  region size 2048K, 1 young (2048K), 1 survivors (2048K)
 Metaspace       used 48619K, committed 49344K, reserved 1114112K
  class space    used 5886K, committed 6272K, reserved 1048576K
}
Event: 4.806 GC heap before
{Heap before GC invocations=16 (full 0):
 garbage-first heap   total 184320K, used 136845K [0x000000070a200000, 0x0000000800000000)
  region size 2048K, 35 young (71680K), 1 survivors (2048K)
 Metaspace       used 52593K, committed 53440K, reserved 1114112K
  class space    used 6302K, committed 6720K, reserved 1048576K
}
Event: 4.818 GC heap after
{Heap after GC invocations=17 (full 0):
 garbage-first heap   total 184320K, used 80944K [0x000000070a200000, 0x0000000800000000)
  region size 2048K, 5 young (10240K), 5 survivors (10240K)
 Metaspace       used 52593K, committed 53440K, reserved 1114112K
  class space    used 6302K, committed 6720K, reserved 1048576K
}
Event: 5.724 GC heap before
{Heap before GC invocations=17 (full 0):
 garbage-first heap   total 184320K, used 134192K [0x000000070a200000, 0x0000000800000000)
  region size 2048K, 31 young (63488K), 5 survivors (10240K)
 Metaspace       used 57250K, committed 58048K, reserved 1114112K
  class space    used 6877K, committed 7296K, reserved 1048576K
}
Event: 5.736 GC heap after
{Heap after GC invocations=18 (full 0):
 garbage-first heap   total 184320K, used 89348K [0x000000070a200000, 0x0000000800000000)
  region size 2048K, 4 young (8192K), 4 survivors (8192K)
 Metaspace       used 57250K, committed 58048K, reserved 1114112K
  class space    used 6877K, committed 7296K, reserved 1048576K
}
Event: 6.872 GC heap before
{Heap before GC invocations=18 (full 0):
 garbage-first heap   total 184320K, used 138500K [0x000000070a200000, 0x0000000800000000)
  region size 2048K, 28 young (57344K), 4 survivors (8192K)
 Metaspace       used 60331K, committed 61120K, reserved 1114112K
  class space    used 7036K, committed 7424K, reserved 1048576K
}
Event: 6.883 GC heap after
{Heap after GC invocations=19 (full 0):
 garbage-first heap   total 184320K, used 97033K [0x000000070a200000, 0x0000000800000000)
  region size 2048K, 4 young (8192K), 4 survivors (8192K)
 Metaspace       used 60331K, committed 61120K, reserved 1114112K
  class space    used 7036K, committed 7424K, reserved 1048576K
}
Event: 7.395 GC heap before
{Heap before GC invocations=19 (full 0):
 garbage-first heap   total 184320K, used 144137K [0x000000070a200000, 0x0000000800000000)
  region size 2048K, 27 young (55296K), 4 survivors (8192K)
 Metaspace       used 60914K, committed 61760K, reserved 1114112K
  class space    used 7061K, committed 7488K, reserved 1048576K
}
Event: 7.406 GC heap after
{Heap after GC invocations=20 (full 0):
 garbage-first heap   total 368640K, used 105203K [0x000000070a200000, 0x0000000800000000)
  region size 2048K, 4 young (8192K), 4 survivors (8192K)
 Metaspace       used 60914K, committed 61760K, reserved 1114112K
  class space    used 7061K, committed 7488K, reserved 1048576K
}
Event: 9.998 GC heap before
{Heap before GC invocations=21 (full 0):
 garbage-first heap   total 368640K, used 258803K [0x000000070a200000, 0x0000000800000000)
  region size 2048K, 79 young (161792K), 4 survivors (8192K)
 Metaspace       used 62908K, committed 63680K, reserved 1114112K
  class space    used 7099K, committed 7488K, reserved 1048576K
}
Event: 10.018 GC heap after
{Heap after GC invocations=22 (full 0):
 garbage-first heap   total 368640K, used 127314K [0x000000070a200000, 0x0000000800000000)
  region size 2048K, 10 young (20480K), 10 survivors (20480K)
 Metaspace       used 62908K, committed 63680K, reserved 1114112K
  class space    used 7099K, committed 7488K, reserved 1048576K
}
Event: 10.030 GC heap before
{Heap before GC invocations=22 (full 0):
 garbage-first heap   total 368640K, used 129362K [0x000000070a200000, 0x0000000800000000)
  region size 2048K, 11 young (22528K), 10 survivors (20480K)
 Metaspace       used 62908K, committed 63680K, reserved 1114112K
  class space    used 7099K, committed 7488K, reserved 1048576K
}
Event: 10.040 GC heap after
{Heap after GC invocations=23 (full 0):
 garbage-first heap   total 368640K, used 130511K [0x000000070a200000, 0x0000000800000000)
  region size 2048K, 2 young (4096K), 2 survivors (4096K)
 Metaspace       used 62908K, committed 63680K, reserved 1114112K
  class space    used 7099K, committed 7488K, reserved 1048576K
}
Event: 12.418 GC heap before
{Heap before GC invocations=23 (full 0):
 garbage-first heap   total 368640K, used 263631K [0x000000070a200000, 0x0000000800000000)
  region size 2048K, 67 young (137216K), 2 survivors (4096K)
 Metaspace       used 65754K, committed 66624K, reserved 1114112K
  class space    used 7356K, committed 7808K, reserved 1048576K
}
Event: 12.429 GC heap after
{Heap after GC invocations=24 (full 0):
 garbage-first heap   total 368640K, used 145615K [0x000000070a200000, 0x0000000800000000)
  region size 2048K, 9 young (18432K), 9 survivors (18432K)
 Metaspace       used 65754K, committed 66624K, reserved 1114112K
  class space    used 7356K, committed 7808K, reserved 1048576K
}

