# JRE version: OpenJDK Runtime Environment (18.0.2+9) (build 18.0.2+9-61)
# Java VM: OpenJDK 64-Bit Server VM (18.0.2+9-61, mixed mode, sharing, tiered, compressed oops, compressed class ptrs, g1 gc, windows-amd64)
GC Precious Log:
 CardTable entry size: 512
 Card Set container configuration: InlinePtr #cards 5 size 8 Array Of Cards #cards 12 size 40 Howl #buckets 4 coarsen threshold 1843 Howl Bitmap #cards 512 size 80 coarsen threshold 460 Card regions per heap region 1 cards per card region 2048
 CPUs: 12 total, 12 available
 Memory: 15733M
 Large Page Support: Disabled
 NUMA Support: Disabled
 Compressed Oops: Enabled (32-bit)
 Heap Region Size: 1M
 Heap Min Capacity: 8M
 Heap Initial Capacity: 246M
 Heap Max Capacity: 2G
 Pre-touch: Disabled
 Parallel Workers: 10
 Concurrent Workers: 3
 Concurrent Refinement Workers: 10
 Periodic GC: Disabled
Heap:
 garbage-first heap   total 312320K, used 223641K [0x0000000080000000, 0x0000000100000000)
  region size 1024K, 51 young (52224K), 10 survivors (10240K)
 Metaspace       used 126891K, committed 128960K, reserved 1179648K
  class space    used 16099K, committed 17216K, reserved 1048576K
GC Heap History (20 events):
Event: 20.908 GC heap before
{Heap before GC invocations=46 (full 0):
 garbage-first heap   total 293888K, used 238090K [0x0000000080000000, 0x0000000100000000)
  region size 1024K, 84 young (86016K), 8 survivors (8192K)
 Metaspace       used 93207K, committed 95040K, reserved 1179648K
  class space    used 12523K, committed 13504K, reserved 1048576K
}
Event: 20.914 GC heap after
{Heap after GC invocations=47 (full 0):
 garbage-first heap   total 293888K, used 141890K [0x0000000080000000, 0x0000000100000000)
  region size 1024K, 8 young (8192K), 8 survivors (8192K)
 Metaspace       used 93207K, committed 95040K, reserved 1179648K
  class space    used 12523K, committed 13504K, reserved 1048576K
}
Event: 20.953 GC heap before
{Heap before GC invocations=47 (full 0):
 garbage-first heap   total 293888K, used 148034K [0x0000000080000000, 0x0000000100000000)
  region size 1024K, 14 young (14336K), 8 survivors (8192K)
 Metaspace       used 93444K, committed 95296K, reserved 1179648K
  class space    used 12553K, committed 13504K, reserved 1048576K
}
Event: 20.956 GC heap after
{Heap after GC invocations=48 (full 0):
 garbage-first heap   total 293888K, used 142361K [0x0000000080000000, 0x0000000100000000)
  region size 1024K, 2 young (2048K), 2 survivors (2048K)
 Metaspace       used 93444K, committed 95296K, reserved 1179648K
  class space    used 12553K, committed 13504K, reserved 1048576K
}
Event: 21.727 GC heap before
{Heap before GC invocations=48 (full 0):
 garbage-first heap   total 293888K, used 225305K [0x0000000080000000, 0x0000000100000000)
  region size 1024K, 84 young (86016K), 2 survivors (2048K)
 Metaspace       used 100343K, committed 102272K, reserved 1179648K
  class space    used 13312K, committed 14336K, reserved 1048576K
}
Event: 21.734 GC heap after
{Heap after GC invocations=49 (full 0):
 garbage-first heap   total 293888K, used 147146K [0x0000000080000000, 0x0000000100000000)
  region size 1024K, 7 young (7168K), 7 survivors (7168K)
 Metaspace       used 100343K, committed 102272K, reserved 1179648K
  class space    used 13312K, committed 14336K, reserved 1048576K
}
Event: 22.441 GC heap before
{Heap before GC invocations=50 (full 0):
 garbage-first heap   total 293888K, used 216778K [0x0000000080000000, 0x0000000100000000)
  region size 1024K, 88 young (90112K), 7 survivors (7168K)
 Metaspace       used 102209K, committed 104128K, reserved 1179648K
  class space    used 13489K, committed 14528K, reserved 1048576K
}
Event: 22.448 GC heap after
{Heap after GC invocations=51 (full 0):
 garbage-first heap   total 293888K, used 140806K [0x0000000080000000, 0x0000000100000000)
  region size 1024K, 11 young (11264K), 11 survivors (11264K)
 Metaspace       used 102209K, committed 104128K, reserved 1179648K
  class space    used 13489K, committed 14528K, reserved 1048576K
}
Event: 22.452 GC heap before
{Heap before GC invocations=51 (full 0):
 garbage-first heap   total 293888K, used 143878K [0x0000000080000000, 0x0000000100000000)
  region size 1024K, 14 young (14336K), 11 survivors (11264K)
 Metaspace       used 102214K, committed 104128K, reserved 1179648K
  class space    used 13489K, committed 14528K, reserved 1048576K
}
Event: 22.458 GC heap after
{Heap after GC invocations=52 (full 0):
 garbage-first heap   total 293888K, used 134262K [0x0000000080000000, 0x0000000100000000)
  region size 1024K, 2 young (2048K), 2 survivors (2048K)
 Metaspace       used 102214K, committed 104128K, reserved 1179648K
  class space    used 13489K, committed 14528K, reserved 1048576K
}
Event: 25.395 GC heap before
{Heap before GC invocations=52 (full 0):
 garbage-first heap   total 293888K, used 229494K [0x0000000080000000, 0x0000000100000000)
  region size 1024K, 96 young (98304K), 2 survivors (2048K)
 Metaspace       used 102951K, committed 104896K, reserved 1179648K
  class space    used 13565K, committed 14592K, reserved 1048576K
}
Event: 25.408 GC heap after
{Heap after GC invocations=53 (full 0):
 garbage-first heap   total 293888K, used 140482K [0x0000000080000000, 0x0000000100000000)
  region size 1024K, 8 young (8192K), 8 survivors (8192K)
 Metaspace       used 102951K, committed 104896K, reserved 1179648K
  class space    used 13565K, committed 14592K, reserved 1048576K
}
Event: 26.698 GC heap before
{Heap before GC invocations=53 (full 0):
 garbage-first heap   total 293888K, used 231618K [0x0000000080000000, 0x0000000100000000)
  region size 1024K, 98 young (100352K), 8 survivors (8192K)
 Metaspace       used 105955K, committed 107904K, reserved 1179648K
  class space    used 13902K, committed 14912K, reserved 1048576K
}
Event: 26.710 GC heap after
{Heap after GC invocations=54 (full 0):
 garbage-first heap   total 293888K, used 142280K [0x0000000080000000, 0x0000000100000000)
  region size 1024K, 5 young (5120K), 5 survivors (5120K)
 Metaspace       used 105955K, committed 107904K, reserved 1179648K
  class space    used 13902K, committed 14912K, reserved 1048576K
}
Event: 35.331 GC heap before
{Heap before GC invocations=54 (full 0):
 garbage-first heap   total 293888K, used 236488K [0x0000000080000000, 0x0000000100000000)
  region size 1024K, 96 young (98304K), 5 survivors (5120K)
 Metaspace       used 108885K, committed 110848K, reserved 1179648K
  class space    used 14227K, committed 15232K, reserved 1048576K
}
Event: 35.336 GC heap after
{Heap after GC invocations=55 (full 0):
 garbage-first heap   total 293888K, used 146819K [0x0000000080000000, 0x0000000100000000)
  region size 1024K, 10 young (10240K), 10 survivors (10240K)
 Metaspace       used 108885K, committed 110848K, reserved 1179648K
  class space    used 14227K, committed 15232K, reserved 1048576K
}
Event: 37.524 GC heap before
{Heap before GC invocations=55 (full 0):
 garbage-first heap   total 293888K, used 248195K [0x0000000080000000, 0x0000000100000000)
  region size 1024K, 99 young (101376K), 10 survivors (10240K)
 Metaspace       used 117813K, committed 119872K, reserved 1179648K
  class space    used 15158K, committed 16256K, reserved 1048576K
}
Event: 37.534 GC heap after
{Heap after GC invocations=56 (full 0):
 garbage-first heap   total 293888K, used 167415K [0x0000000080000000, 0x0000000100000000)
  region size 1024K, 13 young (13312K), 13 survivors (13312K)
 Metaspace       used 117813K, committed 119872K, reserved 1179648K
  class space    used 15158K, committed 16256K, reserved 1048576K
}
Event: 38.108 GC heap before
{Heap before GC invocations=56 (full 0):
 garbage-first heap   total 293888K, used 239095K [0x0000000080000000, 0x0000000100000000)
  region size 1024K, 80 young (81920K), 13 survivors (13312K)
 Metaspace       used 121250K, committed 123328K, reserved 1179648K
  class space    used 15380K, committed 16448K, reserved 1048576K
}
Event: 38.122 GC heap after
{Heap after GC invocations=57 (full 0):
 garbage-first heap   total 293888K, used 180633K [0x0000000080000000, 0x0000000100000000)
  region size 1024K, 10 young (10240K), 10 survivors (10240K)
 Metaspace       used 121250K, committed 123328K, reserved 1179648K
  class space    used 15380K, committed 16448K, reserved 1048576K
}

