# JRE version: OpenJDK Runtime Environment (18.0.2+9) (build 18.0.2+9-61)
# Java VM: OpenJDK 64-Bit Server VM (18.0.2+9-61, mixed mode, sharing, tiered, compressed oops, compressed class ptrs, g1 gc, windows-amd64)
GC Precious Log:
 CardTable entry size: 512
 Card Set container configuration: InlinePtr #cards 5 size 8 Array Of Cards #cards 12 size 40 Howl #buckets 4 coarsen threshold 1843 Howl Bitmap #cards 512 size 80 coarsen threshold 460 Card regions per heap region 1 cards per card region 2048
 CPUs: 12 total, 12 available
 Memory: 15733M
 Large Page Support: Disabled
 NUMA Support: Disabled
 Compressed Oops: Enabled (32-bit)
 Heap Region Size: 1M
 Heap Min Capacity: 8M
 Heap Initial Capacity: 246M
 Heap Max Capacity: 2G
 Pre-touch: Disabled
 Parallel Workers: 10
 Concurrent Workers: 3
 Concurrent Refinement Workers: 10
 Periodic GC: Disabled
Heap:
 garbage-first heap   total 251904K, used 104808K [0x0000000080000000, 0x0000000100000000)
  region size 1024K, 5 young (5120K), 5 survivors (5120K)
 Metaspace       used 82239K, committed 84288K, reserved 1179648K
  class space    used 11334K, committed 12352K, reserved 1048576K
GC Heap History (20 events):
Event: 15.116 GC heap after
{Heap after GC invocations=33 (full 0):
 garbage-first heap   total 158720K, used 68872K [0x0000000080000000, 0x0000000100000000)
  region size 1024K, 6 young (6144K), 6 survivors (6144K)
 Metaspace       used 60955K, committed 62656K, reserved 1114112K
  class space    used 8194K, committed 9024K, reserved 1048576K
}
Event: 15.979 GC heap before
{Heap before GC invocations=33 (full 0):
 garbage-first heap   total 158720K, used 113928K [0x0000000080000000, 0x0000000100000000)
  region size 1024K, 50 young (51200K), 6 survivors (6144K)
 Metaspace       used 62078K, committed 63808K, reserved 1114112K
  class space    used 8352K, committed 9216K, reserved 1048576K
}
Event: 15.991 GC heap after
{Heap after GC invocations=34 (full 0):
 garbage-first heap   total 158720K, used 73380K [0x0000000080000000, 0x0000000100000000)
  region size 1024K, 7 young (7168K), 7 survivors (7168K)
 Metaspace       used 62078K, committed 63808K, reserved 1114112K
  class space    used 8352K, committed 9216K, reserved 1048576K
}
Event: 17.224 GC heap before
{Heap before GC invocations=35 (full 0):
 garbage-first heap   total 158720K, used 117412K [0x0000000080000000, 0x0000000100000000)
  region size 1024K, 50 young (51200K), 7 survivors (7168K)
 Metaspace       used 67292K, committed 69120K, reserved 1114112K
  class space    used 9256K, committed 10176K, reserved 1048576K
}
Event: 17.235 GC heap after
{Heap after GC invocations=36 (full 0):
 garbage-first heap   total 158720K, used 76707K [0x0000000080000000, 0x0000000100000000)
  region size 1024K, 4 young (4096K), 4 survivors (4096K)
 Metaspace       used 67292K, committed 69120K, reserved 1114112K
  class space    used 9256K, committed 10176K, reserved 1048576K
}
Event: 17.306 GC heap before
{Heap before GC invocations=36 (full 0):
 garbage-first heap   total 158720K, used 79779K [0x0000000080000000, 0x0000000100000000)
  region size 1024K, 7 young (7168K), 4 survivors (4096K)
 Metaspace       used 67629K, committed 69376K, reserved 1114112K
  class space    used 9297K, committed 10176K, reserved 1048576K
}
Event: 17.311 GC heap after
{Heap after GC invocations=37 (full 0):
 garbage-first heap   total 158720K, used 76926K [0x0000000080000000, 0x0000000100000000)
  region size 1024K, 1 young (1024K), 1 survivors (1024K)
 Metaspace       used 67629K, committed 69376K, reserved 1114112K
  class space    used 9297K, committed 10176K, reserved 1048576K
}
Event: 18.204 GC heap before
{Heap before GC invocations=37 (full 0):
 garbage-first heap   total 158720K, used 120958K [0x0000000080000000, 0x0000000100000000)
  region size 1024K, 44 young (45056K), 1 survivors (1024K)
 Metaspace       used 70708K, committed 72640K, reserved 1114112K
  class space    used 9746K, committed 10752K, reserved 1048576K
}
Event: 18.209 GC heap after
{Heap after GC invocations=38 (full 0):
 garbage-first heap   total 158720K, used 80138K [0x0000000080000000, 0x0000000100000000)
  region size 1024K, 4 young (4096K), 4 survivors (4096K)
 Metaspace       used 70708K, committed 72640K, reserved 1114112K
  class space    used 9746K, committed 10752K, reserved 1048576K
}
Event: 19.182 GC heap before
{Heap before GC invocations=38 (full 0):
 garbage-first heap   total 158720K, used 124170K [0x0000000080000000, 0x0000000100000000)
  region size 1024K, 47 young (48128K), 4 survivors (4096K)
 Metaspace       used 72900K, committed 74880K, reserved 1114112K
  class space    used 10084K, committed 11072K, reserved 1048576K
}
Event: 19.192 GC heap after
{Heap after GC invocations=39 (full 0):
 garbage-first heap   total 158720K, used 84919K [0x0000000080000000, 0x0000000100000000)
  region size 1024K, 5 young (5120K), 5 survivors (5120K)
 Metaspace       used 72900K, committed 74880K, reserved 1114112K
  class space    used 10084K, committed 11072K, reserved 1048576K
}
Event: 20.508 GC heap before
{Heap before GC invocations=39 (full 0):
 garbage-first heap   total 158720K, used 125879K [0x0000000080000000, 0x0000000100000000)
  region size 1024K, 45 young (46080K), 5 survivors (5120K)
 Metaspace       used 77863K, committed 79872K, reserved 1179648K
  class space    used 10771K, committed 11776K, reserved 1048576K
}
Event: 20.516 GC heap after
{Heap after GC invocations=40 (full 0):
 garbage-first heap   total 158720K, used 88312K [0x0000000080000000, 0x0000000100000000)
  region size 1024K, 4 young (4096K), 4 survivors (4096K)
 Metaspace       used 77863K, committed 79872K, reserved 1179648K
  class space    used 10771K, committed 11776K, reserved 1048576K
}
Event: 21.408 GC heap before
{Heap before GC invocations=41 (full 0):
 garbage-first heap   total 158720K, used 128248K [0x0000000080000000, 0x0000000100000000)
  region size 1024K, 43 young (44032K), 4 survivors (4096K)
 Metaspace       used 79446K, committed 81536K, reserved 1179648K
  class space    used 10975K, committed 12032K, reserved 1048576K
}
Event: 21.418 GC heap after
{Heap after GC invocations=42 (full 0):
 garbage-first heap   total 158720K, used 92326K [0x0000000080000000, 0x0000000100000000)
  region size 1024K, 6 young (6144K), 6 survivors (6144K)
 Metaspace       used 79446K, committed 81536K, reserved 1179648K
  class space    used 10975K, committed 12032K, reserved 1048576K
}
Event: 21.430 GC heap before
{Heap before GC invocations=42 (full 0):
 garbage-first heap   total 158720K, used 93350K [0x0000000080000000, 0x0000000100000000)
  region size 1024K, 7 young (7168K), 6 survivors (6144K)
 Metaspace       used 79461K, committed 81536K, reserved 1179648K
  class space    used 10976K, committed 12032K, reserved 1048576K
}
Event: 21.445 GC heap after
{Heap after GC invocations=43 (full 0):
 garbage-first heap   total 158720K, used 93053K [0x0000000080000000, 0x0000000100000000)
  region size 1024K, 1 young (1024K), 1 survivors (1024K)
 Metaspace       used 79461K, committed 81536K, reserved 1179648K
  class space    used 10976K, committed 12032K, reserved 1048576K
}
Event: 21.912 GC heap before
{Heap before GC invocations=43 (full 0):
 garbage-first heap   total 158720K, used 129917K [0x0000000080000000, 0x0000000100000000)
  region size 1024K, 37 young (37888K), 1 survivors (1024K)
 Metaspace       used 79596K, committed 81600K, reserved 1179648K
  class space    used 10989K, committed 12032K, reserved 1048576K
}
Event: 21.919 GC heap after
{Heap after GC invocations=44 (full 0):
 garbage-first heap   total 158720K, used 99263K [0x0000000080000000, 0x0000000100000000)
  region size 1024K, 5 young (5120K), 5 survivors (5120K)
 Metaspace       used 79596K, committed 81600K, reserved 1179648K
  class space    used 10989K, committed 12032K, reserved 1048576K
}
Event: 22.600 GC heap before
{Heap before GC invocations=44 (full 0):
 garbage-first heap   total 158720K, used 128959K [0x0000000080000000, 0x0000000100000000)
  region size 1024K, 35 young (35840K), 5 survivors (5120K)
 Metaspace       used 82239K, committed 84288K, reserved 1179648K
  class space    used 11334K, committed 12352K, reserved 1048576K
}

