# JRE version: OpenJDK Runtime Environment (18.0.2+9) (build 18.0.2+9-61)
# Java VM: OpenJDK 64-Bit Server VM (18.0.2+9-61, mixed mode, sharing, tiered, compressed oops, compressed class ptrs, g1 gc, windows-amd64)
GC Precious Log:
 CardTable entry size: 512
 Card Set container configuration: InlinePtr #cards 4 size 8 Array Of Cards #cards 16 size 48 Howl #buckets 8 coarsen threshold 3686 Howl Bitmap #cards 512 size 80 coarsen threshold 460 Card regions per heap region 1 cards per card region 4096
 CPUs: 12 total, 12 available
 Memory: 15733M
 Large Page Support: Disabled
 NUMA Support: Disabled
 Compressed Oops: Enabled (Zero based)
 Heap Region Size: 2M
 Heap Min Capacity: 8M
 Heap Initial Capacity: 246M
 Heap Max Capacity: 3934M
 Pre-touch: Disabled
 Parallel Workers: 10
 Concurrent Workers: 3
 Concurrent Refinement Workers: 10
 Periodic GC: Disabled
Heap:
 garbage-first heap   total 421888K, used 255800K [0x000000070a200000, 0x0000000800000000)
  region size 2048K, 64 young (131072K), 4 survivors (8192K)
 Metaspace       used 82575K, committed 83520K, reserved 1179648K
  class space    used 8867K, committed 9344K, reserved 1048576K
GC Heap History (20 events):
Event: 10.720 GC heap before
{Heap before GC invocations=28 (full 0):
 garbage-first heap   total 190464K, used 151547K [0x000000070a200000, 0x0000000800000000)
  region size 2048K, 24 young (49152K), 1 survivors (2048K)
 Metaspace       used 63486K, committed 64320K, reserved 1114112K
  class space    used 7177K, committed 7616K, reserved 1048576K
}
Event: 10.726 GC heap after
{Heap after GC invocations=29 (full 0):
 garbage-first heap   total 190464K, used 110592K [0x000000070a200000, 0x0000000800000000)
  region size 2048K, 3 young (6144K), 3 survivors (6144K)
 Metaspace       used 63486K, committed 64320K, reserved 1114112K
  class space    used 7177K, committed 7616K, reserved 1048576K
}
Event: 11.600 GC heap before
{Heap before GC invocations=30 (full 0):
 garbage-first heap   total 192512K, used 153600K [0x000000070a200000, 0x0000000800000000)
  region size 2048K, 24 young (49152K), 3 survivors (6144K)
 Metaspace       used 63774K, committed 64640K, reserved 1114112K
  class space    used 7185K, committed 7616K, reserved 1048576K
}
Event: 11.608 GC heap after
{Heap after GC invocations=31 (full 0):
 garbage-first heap   total 192512K, used 115365K [0x000000070a200000, 0x0000000800000000)
  region size 2048K, 3 young (6144K), 3 survivors (6144K)
 Metaspace       used 63774K, committed 64640K, reserved 1114112K
  class space    used 7185K, committed 7616K, reserved 1048576K
}
Event: 11.646 GC heap before
{Heap before GC invocations=31 (full 0):
 garbage-first heap   total 192512K, used 117413K [0x000000070a200000, 0x0000000800000000)
  region size 2048K, 4 young (8192K), 3 survivors (6144K)
 Metaspace       used 63792K, committed 64640K, reserved 1114112K
  class space    used 7185K, committed 7616K, reserved 1048576K
}
Event: 11.651 GC heap after
{Heap after GC invocations=32 (full 0):
 garbage-first heap   total 192512K, used 115506K [0x000000070a200000, 0x0000000800000000)
  region size 2048K, 1 young (2048K), 1 survivors (2048K)
 Metaspace       used 63792K, committed 64640K, reserved 1114112K
  class space    used 7185K, committed 7616K, reserved 1048576K
}
Event: 12.469 GC heap before
{Heap before GC invocations=32 (full 0):
 garbage-first heap   total 192512K, used 156466K [0x000000070a200000, 0x0000000800000000)
  region size 2048K, 21 young (43008K), 1 survivors (2048K)
 Metaspace       used 64104K, committed 64960K, reserved 1114112K
  class space    used 7207K, committed 7680K, reserved 1048576K
}
Event: 12.474 GC heap after
{Heap after GC invocations=33 (full 0):
 garbage-first heap   total 192512K, used 118195K [0x000000070a200000, 0x0000000800000000)
  region size 2048K, 2 young (4096K), 2 survivors (4096K)
 Metaspace       used 64104K, committed 64960K, reserved 1114112K
  class space    used 7207K, committed 7680K, reserved 1048576K
}
Event: 13.312 GC heap before
{Heap before GC invocations=34 (full 0):
 garbage-first heap   total 204800K, used 157107K [0x000000070a200000, 0x0000000800000000)
  region size 2048K, 21 young (43008K), 2 survivors (4096K)
 Metaspace       used 64536K, committed 65408K, reserved 1114112K
  class space    used 7241K, committed 7680K, reserved 1048576K
}
Event: 13.319 GC heap after
{Heap after GC invocations=35 (full 0):
 garbage-first heap   total 204800K, used 121660K [0x000000070a200000, 0x0000000800000000)
  region size 2048K, 2 young (4096K), 2 survivors (4096K)
 Metaspace       used 64536K, committed 65408K, reserved 1114112K
  class space    used 7241K, committed 7680K, reserved 1048576K
}
Event: 13.404 GC heap before
{Heap before GC invocations=35 (full 0):
 garbage-first heap   total 204800K, used 127804K [0x000000070a200000, 0x0000000800000000)
  region size 2048K, 5 young (10240K), 2 survivors (4096K)
 Metaspace       used 64844K, committed 65728K, reserved 1114112K
  class space    used 7273K, committed 7744K, reserved 1048576K
}
Event: 13.408 GC heap after
{Heap after GC invocations=36 (full 0):
 garbage-first heap   total 204800K, used 120967K [0x000000070a200000, 0x0000000800000000)
  region size 2048K, 1 young (2048K), 1 survivors (2048K)
 Metaspace       used 64844K, committed 65728K, reserved 1114112K
  class space    used 7273K, committed 7744K, reserved 1048576K
}
Event: 13.787 GC heap before
{Heap before GC invocations=36 (full 0):
 garbage-first heap   total 204800K, used 168071K [0x000000070a200000, 0x0000000800000000)
  region size 2048K, 24 young (49152K), 1 survivors (2048K)
 Metaspace       used 65434K, committed 66304K, reserved 1114112K
  class space    used 7301K, committed 7744K, reserved 1048576K
}
Event: 13.789 GC heap after
{Heap after GC invocations=37 (full 0):
 garbage-first heap   total 204800K, used 121398K [0x000000070a200000, 0x0000000800000000)
  region size 2048K, 1 young (2048K), 1 survivors (2048K)
 Metaspace       used 65434K, committed 66304K, reserved 1114112K
  class space    used 7301K, committed 7744K, reserved 1048576K
}
Event: 14.381 GC heap before
{Heap before GC invocations=38 (full 0):
 garbage-first heap   total 212992K, used 168502K [0x000000070a200000, 0x0000000800000000)
  region size 2048K, 25 young (51200K), 1 survivors (2048K)
 Metaspace       used 70408K, committed 71232K, reserved 1114112K
  class space    used 7734K, committed 8192K, reserved 1048576K
}
Event: 14.385 GC heap after
{Heap after GC invocations=39 (full 0):
 garbage-first heap   total 212992K, used 125336K [0x000000070a200000, 0x0000000800000000)
  region size 2048K, 3 young (6144K), 3 survivors (6144K)
 Metaspace       used 70408K, committed 71232K, reserved 1114112K
  class space    used 7734K, committed 8192K, reserved 1048576K
}
Event: 14.480 GC heap before
{Heap before GC invocations=39 (full 0):
 garbage-first heap   total 212992K, used 129432K [0x000000070a200000, 0x0000000800000000)
  region size 2048K, 5 young (10240K), 3 survivors (6144K)
 Metaspace       used 70800K, committed 71616K, reserved 1114112K
  class space    used 7766K, committed 8192K, reserved 1048576K
}
Event: 14.485 GC heap after
{Heap after GC invocations=40 (full 0):
 garbage-first heap   total 212992K, used 126120K [0x000000070a200000, 0x0000000800000000)
  region size 2048K, 1 young (2048K), 1 survivors (2048K)
 Metaspace       used 70800K, committed 71616K, reserved 1114112K
  class space    used 7766K, committed 8192K, reserved 1048576K
}
Event: 15.127 GC heap before
{Heap before GC invocations=40 (full 0):
 garbage-first heap   total 212992K, used 175272K [0x000000070a200000, 0x0000000800000000)
  region size 2048K, 25 young (51200K), 1 survivors (2048K)
 Metaspace       used 71978K, committed 72832K, reserved 1114112K
  class space    used 7855K, committed 8320K, reserved 1048576K
}
Event: 15.135 GC heap after
{Heap after GC invocations=41 (full 0):
 garbage-first heap   total 421888K, used 134968K [0x000000070a200000, 0x0000000800000000)
  region size 2048K, 4 young (8192K), 4 survivors (8192K)
 Metaspace       used 71978K, committed 72832K, reserved 1114112K
  class space    used 7855K, committed 8320K, reserved 1048576K
}

