# JRE version: OpenJDK Runtime Environment (18.0.2+9) (build 18.0.2+9-61)
# Java VM: OpenJDK 64-Bit Server VM (18.0.2+9-61, mixed mode, sharing, tiered, compressed oops, compressed class ptrs, g1 gc, windows-amd64)
GC Precious Log:
 CardTable entry size: 512
 Card Set container configuration: InlinePtr #cards 4 size 8 Array Of Cards #cards 16 size 48 Howl #buckets 8 coarsen threshold 3686 Howl Bitmap #cards 512 size 80 coarsen threshold 460 Card regions per heap region 1 cards per card region 4096
 CPUs: 12 total, 12 available
 Memory: 15733M
 Large Page Support: Disabled
 NUMA Support: Disabled
 Compressed Oops: Enabled (Zero based)
 Heap Region Size: 2M
 Heap Min Capacity: 8M
 Heap Initial Capacity: 246M
 Heap Max Capacity: 3934M
 Pre-touch: Disabled
 Parallel Workers: 10
 Concurrent Workers: 3
 Concurrent Refinement Workers: 10
 Periodic GC: Disabled
Heap:
 garbage-first heap   total 251904K, used 143575K [0x000000070a200000, 0x0000000800000000)
  region size 2048K, 2 young (4096K), 2 survivors (4096K)
 Metaspace       used 61090K, committed 61952K, reserved 1114112K
  class space    used 6959K, committed 7424K, reserved 1048576K
GC Heap History (20 events):
Event: 8.601 GC heap after
{Heap after GC invocations=23 (full 0):
 garbage-first heap   total 163840K, used 99860K [0x000000070a200000, 0x0000000800000000)
  region size 2048K, 3 young (6144K), 3 survivors (6144K)
 Metaspace       used 55304K, committed 56128K, reserved 1114112K
  class space    used 6295K, committed 6720K, reserved 1048576K
}
Event: 9.590 GC heap before
{Heap before GC invocations=23 (full 0):
 garbage-first heap   total 163840K, used 128532K [0x000000070a200000, 0x0000000800000000)
  region size 2048K, 17 young (34816K), 3 survivors (6144K)
 Metaspace       used 56338K, committed 57152K, reserved 1114112K
  class space    used 6372K, committed 6784K, reserved 1048576K
}
Event: 9.608 GC heap after
{Heap after GC invocations=24 (full 0):
 garbage-first heap   total 163840K, used 106496K [0x000000070a200000, 0x0000000800000000)
  region size 2048K, 3 young (6144K), 3 survivors (6144K)
 Metaspace       used 56338K, committed 57152K, reserved 1114112K
  class space    used 6372K, committed 6784K, reserved 1048576K
}
Event: 10.036 GC heap before
{Heap before GC invocations=25 (full 0):
 garbage-first heap   total 184320K, used 131072K [0x000000070a200000, 0x0000000800000000)
  region size 2048K, 15 young (30720K), 3 survivors (6144K)
 Metaspace       used 58706K, committed 59520K, reserved 1114112K
  class space    used 6776K, committed 7232K, reserved 1048576K
}
Event: 10.046 GC heap after
{Heap after GC invocations=26 (full 0):
 garbage-first heap   total 184320K, used 110592K [0x000000070a200000, 0x0000000800000000)
  region size 2048K, 2 young (4096K), 2 survivors (4096K)
 Metaspace       used 58706K, committed 59520K, reserved 1114112K
  class space    used 6776K, committed 7232K, reserved 1048576K
}
Event: 10.190 GC heap before
{Heap before GC invocations=26 (full 0):
 garbage-first heap   total 184320K, used 114688K [0x000000070a200000, 0x0000000800000000)
  region size 2048K, 4 young (8192K), 2 survivors (4096K)
 Metaspace       used 59238K, committed 60096K, reserved 1114112K
  class space    used 6835K, committed 7296K, reserved 1048576K
}
Event: 10.194 GC heap after
{Heap after GC invocations=27 (full 0):
 garbage-first heap   total 184320K, used 110471K [0x000000070a200000, 0x0000000800000000)
  region size 2048K, 1 young (2048K), 1 survivors (2048K)
 Metaspace       used 59238K, committed 60096K, reserved 1114112K
  class space    used 6835K, committed 7296K, reserved 1048576K
}
Event: 10.890 GC heap before
{Heap before GC invocations=27 (full 0):
 garbage-first heap   total 184320K, used 143239K [0x000000070a200000, 0x0000000800000000)
  region size 2048K, 17 young (34816K), 1 survivors (2048K)
 Metaspace       used 59957K, committed 60736K, reserved 1114112K
  class space    used 6894K, committed 7296K, reserved 1048576K
}
Event: 10.898 GC heap after
{Heap after GC invocations=28 (full 0):
 garbage-first heap   total 221184K, used 114943K [0x000000070a200000, 0x0000000800000000)
  region size 2048K, 3 young (6144K), 3 survivors (6144K)
 Metaspace       used 59957K, committed 60736K, reserved 1114112K
  class space    used 6894K, committed 7296K, reserved 1048576K
}
Event: 11.555 GC heap before
{Heap before GC invocations=29 (full 0):
 garbage-first heap   total 221184K, used 168191K [0x000000070a200000, 0x0000000800000000)
  region size 2048K, 29 young (59392K), 3 survivors (6144K)
 Metaspace       used 60150K, committed 60928K, reserved 1114112K
  class space    used 6897K, committed 7296K, reserved 1048576K
}
Event: 11.567 GC heap after
{Heap after GC invocations=30 (full 0):
 garbage-first heap   total 221184K, used 123525K [0x000000070a200000, 0x0000000800000000)
  region size 2048K, 4 young (8192K), 4 survivors (8192K)
 Metaspace       used 60150K, committed 60928K, reserved 1114112K
  class space    used 6897K, committed 7296K, reserved 1048576K
}
Event: 11.594 GC heap before
{Heap before GC invocations=30 (full 0):
 garbage-first heap   total 221184K, used 125573K [0x000000070a200000, 0x0000000800000000)
  region size 2048K, 5 young (10240K), 4 survivors (8192K)
 Metaspace       used 60162K, committed 60928K, reserved 1114112K
  class space    used 6897K, committed 7296K, reserved 1048576K
}
Event: 11.599 GC heap after
{Heap after GC invocations=31 (full 0):
 garbage-first heap   total 221184K, used 124318K [0x000000070a200000, 0x0000000800000000)
  region size 2048K, 1 young (2048K), 1 survivors (2048K)
 Metaspace       used 60162K, committed 60928K, reserved 1114112K
  class space    used 6897K, committed 7296K, reserved 1048576K
}
Event: 12.166 GC heap before
{Heap before GC invocations=31 (full 0):
 garbage-first heap   total 221184K, used 171422K [0x000000070a200000, 0x0000000800000000)
  region size 2048K, 25 young (51200K), 1 survivors (2048K)
 Metaspace       used 60414K, committed 61248K, reserved 1114112K
  class space    used 6907K, committed 7360K, reserved 1048576K
}
Event: 12.175 GC heap after
{Heap after GC invocations=32 (full 0):
 garbage-first heap   total 221184K, used 132668K [0x000000070a200000, 0x0000000800000000)
  region size 2048K, 4 young (8192K), 4 survivors (8192K)
 Metaspace       used 60414K, committed 61248K, reserved 1114112K
  class space    used 6907K, committed 7360K, reserved 1048576K
}
Event: 12.699 GC heap before
{Heap before GC invocations=33 (full 0):
 garbage-first heap   total 235520K, used 175676K [0x000000070a200000, 0x0000000800000000)
  region size 2048K, 25 young (51200K), 4 survivors (8192K)
 Metaspace       used 60631K, committed 61504K, reserved 1114112K
  class space    used 6910K, committed 7360K, reserved 1048576K
}
Event: 12.711 GC heap after
{Heap after GC invocations=34 (full 0):
 garbage-first heap   total 235520K, used 140965K [0x000000070a200000, 0x0000000800000000)
  region size 2048K, 4 young (8192K), 4 survivors (8192K)
 Metaspace       used 60631K, committed 61504K, reserved 1114112K
  class space    used 6910K, committed 7360K, reserved 1048576K
}
Event: 12.724 GC heap before
{Heap before GC invocations=34 (full 0):
 garbage-first heap   total 235520K, used 143013K [0x000000070a200000, 0x0000000800000000)
  region size 2048K, 5 young (10240K), 4 survivors (8192K)
 Metaspace       used 60631K, committed 61504K, reserved 1114112K
  class space    used 6910K, committed 7360K, reserved 1048576K
}
Event: 12.732 GC heap after
{Heap after GC invocations=35 (full 0):
 garbage-first heap   total 235520K, used 141543K [0x000000070a200000, 0x0000000800000000)
  region size 2048K, 1 young (2048K), 1 survivors (2048K)
 Metaspace       used 60631K, committed 61504K, reserved 1114112K
  class space    used 6910K, committed 7360K, reserved 1048576K
}
Event: 13.090 GC heap before
{Heap before GC invocations=35 (full 0):
 garbage-first heap   total 235520K, used 186599K [0x000000070a200000, 0x0000000800000000)
  region size 2048K, 23 young (47104K), 1 survivors (2048K)
 Metaspace       used 61090K, committed 61952K, reserved 1114112K
  class space    used 6959K, committed 7424K, reserved 1048576K
}

